[2026-06-02T13:36:22.104+0000] {local_task_job_runner.py:123} INFO - ::group::Pre task execution logs
[2026-06-02T13:36:22.122+0000] {taskinstance.py:2614} INFO - Dependencies all met for dep_context=non-requeueable deps ti=<TaskInstance: DAG-1.load_bronze manual__2026-06-02T13:36:20.405210+00:00 [queued]>
[2026-06-02T13:36:22.135+0000] {taskinstance.py:2614} INFO - Dependencies all met for dep_context=requeueable deps ti=<TaskInstance: DAG-1.load_bronze manual__2026-06-02T13:36:20.405210+00:00 [queued]>
[2026-06-02T13:36:22.136+0000] {taskinstance.py:2867} INFO - Starting attempt 1 of 1
[2026-06-02T13:36:22.152+0000] {taskinstance.py:2890} INFO - Executing <Task(BashOperator): load_bronze> on 2026-06-02 13:36:20.405210+00:00
[2026-06-02T13:36:22.156+0000] {standard_task_runner.py:72} INFO - Started process 225 to run task
[2026-06-02T13:36:22.161+0000] {standard_task_runner.py:104} INFO - Running: ['***', 'tasks', 'run', 'DAG-1', 'load_bronze', 'manual__2026-06-02T13:36:20.405210+00:00', '--job-id', '2', '--raw', '--subdir', 'DAGS_FOLDER/dag.py', '--cfg-path', '/tmp/tmpf9yk1udx']
[2026-06-02T13:36:22.169+0000] {standard_task_runner.py:105} INFO - Job 2: Subtask load_bronze
[2026-06-02T13:36:22.220+0000] {task_command.py:467} INFO - Running <TaskInstance: DAG-1.load_bronze manual__2026-06-02T13:36:20.405210+00:00 [running]> on host 0787cc7e5441
[2026-06-02T13:36:22.303+0000] {taskinstance.py:3134} INFO - Exporting env vars: AIRFLOW_CTX_DAG_OWNER='***' AIRFLOW_CTX_DAG_ID='DAG-1' AIRFLOW_CTX_TASK_ID='load_bronze' AIRFLOW_CTX_EXECUTION_DATE='2026-06-02T13:36:20.405210+00:00' AIRFLOW_CTX_TRY_NUMBER='1' AIRFLOW_CTX_DAG_RUN_ID='manual__2026-06-02T13:36:20.405210+00:00'
[2026-06-02T13:36:22.304+0000] {taskinstance.py:732} INFO - ::endgroup::
[2026-06-02T13:36:22.336+0000] {subprocess.py:78} INFO - Tmp dir root location: /tmp
[2026-06-02T13:36:22.338+0000] {subprocess.py:88} INFO - Running command: ['/usr/bin/bash', '-c', 'python /opt/***/bronze/main.py']
[2026-06-02T13:36:22.349+0000] {subprocess.py:99} INFO - Output:
[2026-06-02T13:36:24.005+0000] {subprocess.py:106} INFO - Traceback (most recent call last):
[2026-06-02T13:36:24.006+0000] {subprocess.py:106} INFO -   File "/opt/***/bronze/main.py", line 8, in <module>
[2026-06-02T13:36:24.008+0000] {subprocess.py:106} INFO -     engine = create_engine(os.getenv("DATABASE_URL"))
[2026-06-02T13:36:24.008+0000] {subprocess.py:106} INFO -              ^^^^^^^^^^^^^^^^^^^^^^^^^^^^^^^^^^^^^^^^
[2026-06-02T13:36:24.009+0000] {subprocess.py:106} INFO -   File "<string>", line 2, in create_engine
[2026-06-02T13:36:24.009+0000] {subprocess.py:106} INFO -   File "/home/***/.local/lib/python3.11/site-packages/sqlalchemy/util/deprecations.py", line 375, in warned
[2026-06-02T13:36:24.010+0000] {subprocess.py:106} INFO -     return fn(*args, **kwargs)
[2026-06-02T13:36:24.011+0000] {subprocess.py:106} INFO -            ^^^^^^^^^^^^^^^^^^^
[2026-06-02T13:36:24.012+0000] {subprocess.py:106} INFO -   File "/home/***/.local/lib/python3.11/site-packages/sqlalchemy/engine/create.py", line 516, in create_engine
[2026-06-02T13:36:24.012+0000] {subprocess.py:106} INFO -     u, plugins, kwargs = u._instantiate_plugins(kwargs)
[2026-06-02T13:36:24.013+0000] {subprocess.py:106} INFO -                          ^^^^^^^^^^^^^^^^^^^^^^
[2026-06-02T13:36:24.015+0000] {subprocess.py:106} INFO - AttributeError: 'NoneType' object has no attribute '_instantiate_plugins'
[2026-06-02T13:36:24.108+0000] {subprocess.py:110} INFO - Command exited with return code 1
[2026-06-02T13:36:24.118+0000] {taskinstance.py:3313} ERROR - Task failed with exception
Traceback (most recent call last):
  File "/home/airflow/.local/lib/python3.11/site-packages/airflow/models/taskinstance.py", line 768, in _execute_task
    result = _execute_callable(context=context, **execute_callable_kwargs)
             ^^^^^^^^^^^^^^^^^^^^^^^^^^^^^^^^^^^^^^^^^^^^^^^^^^^^^^^^^^^^^
  File "/home/airflow/.local/lib/python3.11/site-packages/airflow/models/taskinstance.py", line 734, in _execute_callable
    return ExecutionCallableRunner(
           ^^^^^^^^^^^^^^^^^^^^^^^^
  File "/home/airflow/.local/lib/python3.11/site-packages/airflow/utils/operator_helpers.py", line 252, in run
    return self.func(*args, **kwargs)
           ^^^^^^^^^^^^^^^^^^^^^^^^^^
  File "/home/airflow/.local/lib/python3.11/site-packages/airflow/models/baseoperator.py", line 424, in wrapper
    return func(self, *args, **kwargs)
           ^^^^^^^^^^^^^^^^^^^^^^^^^^^
  File "/home/airflow/.local/lib/python3.11/site-packages/airflow/operators/bash.py", line 276, in execute
    raise AirflowException(
airflow.exceptions.AirflowException: Bash command failed. The command returned a non-zero exit code 1.
[2026-06-02T13:36:24.126+0000] {taskinstance.py:1226} INFO - Marking task as FAILED. dag_id=DAG-1, task_id=load_bronze, run_id=manual__2026-06-02T13:36:20.405210+00:00, execution_date=20260602T133620, start_date=20260602T133622, end_date=20260602T133624
[2026-06-02T13:36:24.151+0000] {taskinstance.py:341} INFO - ::group::Post task execution logs
[2026-06-02T13:36:24.152+0000] {standard_task_runner.py:124} ERROR - Failed to execute job 2 for task load_bronze (Bash command failed. The command returned a non-zero exit code 1.; 225)
Traceback (most recent call last):
  File "/home/airflow/.local/lib/python3.11/site-packages/airflow/task/task_runner/standard_task_runner.py", line 117, in _start_by_fork
    ret = args.func(args, dag=self.dag)
          ^^^^^^^^^^^^^^^^^^^^^^^^^^^^^
  File "/home/airflow/.local/lib/python3.11/site-packages/airflow/cli/cli_config.py", line 49, in command
    return func(*args, **kwargs)
           ^^^^^^^^^^^^^^^^^^^^^
  File "/home/airflow/.local/lib/python3.11/site-packages/airflow/utils/cli.py", line 116, in wrapper
    return f(*args, **kwargs)
           ^^^^^^^^^^^^^^^^^^
  File "/home/airflow/.local/lib/python3.11/site-packages/airflow/cli/commands/task_command.py", line 483, in task_run
    task_return_code = _run_task_by_selected_method(args, _dag, ti)
                       ^^^^^^^^^^^^^^^^^^^^^^^^^^^^^^^^^^^^^^^^^^^^
  File "/home/airflow/.local/lib/python3.11/site-packages/airflow/cli/commands/task_command.py", line 256, in _run_task_by_selected_method
    return _run_raw_task(args, ti)
           ^^^^^^^^^^^^^^^^^^^^^^^
  File "/home/airflow/.local/lib/python3.11/site-packages/airflow/cli/commands/task_command.py", line 341, in _run_raw_task
    return ti._run_raw_task(
           ^^^^^^^^^^^^^^^^^
  File "/home/airflow/.local/lib/python3.11/site-packages/airflow/utils/session.py", line 97, in wrapper
    return func(*args, session=session, **kwargs)
           ^^^^^^^^^^^^^^^^^^^^^^^^^^^^^^^^^^^^^^
  File "/home/airflow/.local/lib/python3.11/site-packages/airflow/models/taskinstance.py", line 3006, in _run_raw_task
    return _run_raw_task(
           ^^^^^^^^^^^^^^
  File "/home/airflow/.local/lib/python3.11/site-packages/airflow/models/taskinstance.py", line 274, in _run_raw_task
    TaskInstance._execute_task_with_callbacks(
  File "/home/airflow/.local/lib/python3.11/site-packages/airflow/models/taskinstance.py", line 3161, in _execute_task_with_callbacks
    result = self._execute_task(context, task_orig)
             ^^^^^^^^^^^^^^^^^^^^^^^^^^^^^^^^^^^^^^
  File "/home/airflow/.local/lib/python3.11/site-packages/airflow/models/taskinstance.py", line 3185, in _execute_task
    return _execute_task(self, context, task_orig)
           ^^^^^^^^^^^^^^^^^^^^^^^^^^^^^^^^^^^^^^^
  File "/home/airflow/.local/lib/python3.11/site-packages/airflow/models/taskinstance.py", line 768, in _execute_task
    result = _execute_callable(context=context, **execute_callable_kwargs)
             ^^^^^^^^^^^^^^^^^^^^^^^^^^^^^^^^^^^^^^^^^^^^^^^^^^^^^^^^^^^^^
  File "/home/airflow/.local/lib/python3.11/site-packages/airflow/models/taskinstance.py", line 734, in _execute_callable
    return ExecutionCallableRunner(
           ^^^^^^^^^^^^^^^^^^^^^^^^
  File "/home/airflow/.local/lib/python3.11/site-packages/airflow/utils/operator_helpers.py", line 252, in run
    return self.func(*args, **kwargs)
           ^^^^^^^^^^^^^^^^^^^^^^^^^^
  File "/home/airflow/.local/lib/python3.11/site-packages/airflow/models/baseoperator.py", line 424, in wrapper
    return func(self, *args, **kwargs)
           ^^^^^^^^^^^^^^^^^^^^^^^^^^^
  File "/home/airflow/.local/lib/python3.11/site-packages/airflow/operators/bash.py", line 276, in execute
    raise AirflowException(
airflow.exceptions.AirflowException: Bash command failed. The command returned a non-zero exit code 1.
[2026-06-02T13:36:24.186+0000] {local_task_job_runner.py:266} INFO - Task exited with return code 1
[2026-06-02T13:36:24.210+0000] {taskinstance.py:3901} INFO - 0 downstream tasks scheduled from follow-on schedule check
[2026-06-02T13:36:24.215+0000] {local_task_job_runner.py:245} INFO - ::endgroup::
