[2026-06-04T14:13:13.933+0000] {processor.py:186} INFO - Started process (PID=179) to work on /opt/airflow/dags/dag.py
[2026-06-04T14:13:13.941+0000] {processor.py:914} INFO - Processing file /opt/airflow/dags/dag.py for tasks to queue
[2026-06-04T14:13:13.944+0000] {logging_mixin.py:190} INFO - [2026-06-04T14:13:13.944+0000] {dagbag.py:588} INFO - Filling up the DagBag from /opt/airflow/dags/dag.py
[2026-06-04T14:13:13.974+0000] {logging_mixin.py:190} INFO - [2026-06-04T14:13:13.970+0000] {dagbag.py:387} ERROR - Failed to import: /opt/airflow/dags/dag.py
Traceback (most recent call last):
  File "/home/airflow/.local/lib/python3.11/site-packages/airflow/models/dagbag.py", line 383, in parse
    loader.exec_module(new_module)
  File "<frozen importlib._bootstrap_external>", line 940, in exec_module
  File "<frozen importlib._bootstrap>", line 241, in _call_with_frames_removed
  File "/opt/airflow/dags/dag.py", line 5, in <module>
    from bronze.load import load_bronze
ModuleNotFoundError: No module named 'bronze'
[2026-06-04T14:13:13.976+0000] {processor.py:927} WARNING - No viable dags retrieved from /opt/airflow/dags/dag.py
[2026-06-04T14:13:14.030+0000] {processor.py:208} INFO - Processing /opt/airflow/dags/dag.py took 0.110 seconds
[2026-06-04T14:13:44.187+0000] {processor.py:186} INFO - Started process (PID=184) to work on /opt/airflow/dags/dag.py
[2026-06-04T14:13:44.188+0000] {processor.py:914} INFO - Processing file /opt/airflow/dags/dag.py for tasks to queue
[2026-06-04T14:13:44.190+0000] {logging_mixin.py:190} INFO - [2026-06-04T14:13:44.190+0000] {dagbag.py:588} INFO - Filling up the DagBag from /opt/airflow/dags/dag.py
[2026-06-04T14:13:44.206+0000] {logging_mixin.py:190} INFO - [2026-06-04T14:13:44.202+0000] {dagbag.py:387} ERROR - Failed to import: /opt/airflow/dags/dag.py
Traceback (most recent call last):
  File "/home/airflow/.local/lib/python3.11/site-packages/airflow/models/dagbag.py", line 383, in parse
    loader.exec_module(new_module)
  File "<frozen importlib._bootstrap_external>", line 940, in exec_module
  File "<frozen importlib._bootstrap>", line 241, in _call_with_frames_removed
  File "/opt/airflow/dags/dag.py", line 5, in <module>
    from bronze.load import load_bronze
ModuleNotFoundError: No module named 'bronze'
[2026-06-04T14:13:44.207+0000] {processor.py:927} WARNING - No viable dags retrieved from /opt/airflow/dags/dag.py
[2026-06-04T14:13:44.226+0000] {processor.py:208} INFO - Processing /opt/airflow/dags/dag.py took 0.046 seconds
[2026-06-04T14:14:14.438+0000] {processor.py:186} INFO - Started process (PID=189) to work on /opt/airflow/dags/dag.py
[2026-06-04T14:14:14.439+0000] {processor.py:914} INFO - Processing file /opt/airflow/dags/dag.py for tasks to queue
[2026-06-04T14:14:14.440+0000] {logging_mixin.py:190} INFO - [2026-06-04T14:14:14.440+0000] {dagbag.py:588} INFO - Filling up the DagBag from /opt/airflow/dags/dag.py
[2026-06-04T14:14:14.464+0000] {logging_mixin.py:190} INFO - [2026-06-04T14:14:14.461+0000] {dagbag.py:387} ERROR - Failed to import: /opt/airflow/dags/dag.py
Traceback (most recent call last):
  File "/home/airflow/.local/lib/python3.11/site-packages/airflow/models/dagbag.py", line 383, in parse
    loader.exec_module(new_module)
  File "<frozen importlib._bootstrap_external>", line 940, in exec_module
  File "<frozen importlib._bootstrap>", line 241, in _call_with_frames_removed
  File "/opt/airflow/dags/dag.py", line 5, in <module>
    from bronze.load import load_bronze
ModuleNotFoundError: No module named 'bronze'
[2026-06-04T14:14:14.466+0000] {processor.py:927} WARNING - No viable dags retrieved from /opt/airflow/dags/dag.py
[2026-06-04T14:14:14.495+0000] {processor.py:208} INFO - Processing /opt/airflow/dags/dag.py took 0.064 seconds
[2026-06-04T14:14:44.610+0000] {processor.py:186} INFO - Started process (PID=194) to work on /opt/airflow/dags/dag.py
[2026-06-04T14:14:44.611+0000] {processor.py:914} INFO - Processing file /opt/airflow/dags/dag.py for tasks to queue
[2026-06-04T14:14:44.612+0000] {logging_mixin.py:190} INFO - [2026-06-04T14:14:44.612+0000] {dagbag.py:588} INFO - Filling up the DagBag from /opt/airflow/dags/dag.py
[2026-06-04T14:14:44.624+0000] {logging_mixin.py:190} INFO - [2026-06-04T14:14:44.621+0000] {dagbag.py:387} ERROR - Failed to import: /opt/airflow/dags/dag.py
Traceback (most recent call last):
  File "/home/airflow/.local/lib/python3.11/site-packages/airflow/models/dagbag.py", line 383, in parse
    loader.exec_module(new_module)
  File "<frozen importlib._bootstrap_external>", line 940, in exec_module
  File "<frozen importlib._bootstrap>", line 241, in _call_with_frames_removed
  File "/opt/airflow/dags/dag.py", line 5, in <module>
    from bronze.load import load_bronze
ModuleNotFoundError: No module named 'bronze'
[2026-06-04T14:14:44.625+0000] {processor.py:927} WARNING - No viable dags retrieved from /opt/airflow/dags/dag.py
[2026-06-04T14:14:44.642+0000] {processor.py:208} INFO - Processing /opt/airflow/dags/dag.py took 0.038 seconds
[2026-06-04T14:15:15.034+0000] {processor.py:186} INFO - Started process (PID=199) to work on /opt/airflow/dags/dag.py
[2026-06-04T14:15:15.035+0000] {processor.py:914} INFO - Processing file /opt/airflow/dags/dag.py for tasks to queue
[2026-06-04T14:15:15.036+0000] {logging_mixin.py:190} INFO - [2026-06-04T14:15:15.036+0000] {dagbag.py:588} INFO - Filling up the DagBag from /opt/airflow/dags/dag.py
[2026-06-04T14:15:15.051+0000] {logging_mixin.py:190} INFO - [2026-06-04T14:15:15.048+0000] {dagbag.py:387} ERROR - Failed to import: /opt/airflow/dags/dag.py
Traceback (most recent call last):
  File "/home/airflow/.local/lib/python3.11/site-packages/airflow/models/dagbag.py", line 383, in parse
    loader.exec_module(new_module)
  File "<frozen importlib._bootstrap_external>", line 940, in exec_module
  File "<frozen importlib._bootstrap>", line 241, in _call_with_frames_removed
  File "/opt/airflow/dags/dag.py", line 5, in <module>
    from bronze.load import load_bronze
ModuleNotFoundError: No module named 'bronze'
[2026-06-04T14:15:15.053+0000] {processor.py:927} WARNING - No viable dags retrieved from /opt/airflow/dags/dag.py
[2026-06-04T14:15:15.072+0000] {processor.py:208} INFO - Processing /opt/airflow/dags/dag.py took 0.045 seconds
[2026-06-04T14:15:45.295+0000] {processor.py:186} INFO - Started process (PID=204) to work on /opt/airflow/dags/dag.py
[2026-06-04T14:15:45.296+0000] {processor.py:914} INFO - Processing file /opt/airflow/dags/dag.py for tasks to queue
[2026-06-04T14:15:45.297+0000] {logging_mixin.py:190} INFO - [2026-06-04T14:15:45.297+0000] {dagbag.py:588} INFO - Filling up the DagBag from /opt/airflow/dags/dag.py
[2026-06-04T14:15:45.310+0000] {logging_mixin.py:190} INFO - [2026-06-04T14:15:45.307+0000] {dagbag.py:387} ERROR - Failed to import: /opt/airflow/dags/dag.py
Traceback (most recent call last):
  File "/home/airflow/.local/lib/python3.11/site-packages/airflow/models/dagbag.py", line 383, in parse
    loader.exec_module(new_module)
  File "<frozen importlib._bootstrap_external>", line 940, in exec_module
  File "<frozen importlib._bootstrap>", line 241, in _call_with_frames_removed
  File "/opt/airflow/dags/dag.py", line 5, in <module>
    from bronze.load import load_bronze
ModuleNotFoundError: No module named 'bronze'
[2026-06-04T14:15:45.312+0000] {processor.py:927} WARNING - No viable dags retrieved from /opt/airflow/dags/dag.py
[2026-06-04T14:15:45.328+0000] {processor.py:208} INFO - Processing /opt/airflow/dags/dag.py took 0.038 seconds
[2026-06-04T14:16:15.907+0000] {processor.py:186} INFO - Started process (PID=209) to work on /opt/airflow/dags/dag.py
[2026-06-04T14:16:15.908+0000] {processor.py:914} INFO - Processing file /opt/airflow/dags/dag.py for tasks to queue
[2026-06-04T14:16:15.909+0000] {logging_mixin.py:190} INFO - [2026-06-04T14:16:15.909+0000] {dagbag.py:588} INFO - Filling up the DagBag from /opt/airflow/dags/dag.py
[2026-06-04T14:16:15.931+0000] {logging_mixin.py:190} INFO - [2026-06-04T14:16:15.926+0000] {dagbag.py:387} ERROR - Failed to import: /opt/airflow/dags/dag.py
Traceback (most recent call last):
  File "/home/airflow/.local/lib/python3.11/site-packages/airflow/models/dagbag.py", line 383, in parse
    loader.exec_module(new_module)
  File "<frozen importlib._bootstrap_external>", line 940, in exec_module
  File "<frozen importlib._bootstrap>", line 241, in _call_with_frames_removed
  File "/opt/airflow/dags/dag.py", line 5, in <module>
    from bronze.load import load_bronze
ModuleNotFoundError: No module named 'bronze'
[2026-06-04T14:16:15.933+0000] {processor.py:927} WARNING - No viable dags retrieved from /opt/airflow/dags/dag.py
[2026-06-04T14:16:15.952+0000] {processor.py:208} INFO - Processing /opt/airflow/dags/dag.py took 0.052 seconds
[2026-06-04T14:16:46.197+0000] {processor.py:186} INFO - Started process (PID=214) to work on /opt/airflow/dags/dag.py
[2026-06-04T14:16:46.198+0000] {processor.py:914} INFO - Processing file /opt/airflow/dags/dag.py for tasks to queue
[2026-06-04T14:16:46.200+0000] {logging_mixin.py:190} INFO - [2026-06-04T14:16:46.199+0000] {dagbag.py:588} INFO - Filling up the DagBag from /opt/airflow/dags/dag.py
[2026-06-04T14:16:46.215+0000] {logging_mixin.py:190} INFO - [2026-06-04T14:16:46.212+0000] {dagbag.py:387} ERROR - Failed to import: /opt/airflow/dags/dag.py
Traceback (most recent call last):
  File "/home/airflow/.local/lib/python3.11/site-packages/airflow/models/dagbag.py", line 383, in parse
    loader.exec_module(new_module)
  File "<frozen importlib._bootstrap_external>", line 940, in exec_module
  File "<frozen importlib._bootstrap>", line 241, in _call_with_frames_removed
  File "/opt/airflow/dags/dag.py", line 5, in <module>
    from bronze.load import load_bronze
ModuleNotFoundError: No module named 'bronze'
[2026-06-04T14:16:46.216+0000] {processor.py:927} WARNING - No viable dags retrieved from /opt/airflow/dags/dag.py
[2026-06-04T14:16:46.235+0000] {processor.py:208} INFO - Processing /opt/airflow/dags/dag.py took 0.047 seconds
[2026-06-04T14:17:16.515+0000] {processor.py:186} INFO - Started process (PID=219) to work on /opt/airflow/dags/dag.py
[2026-06-04T14:17:16.516+0000] {processor.py:914} INFO - Processing file /opt/airflow/dags/dag.py for tasks to queue
[2026-06-04T14:17:16.518+0000] {logging_mixin.py:190} INFO - [2026-06-04T14:17:16.517+0000] {dagbag.py:588} INFO - Filling up the DagBag from /opt/airflow/dags/dag.py
[2026-06-04T14:17:16.531+0000] {logging_mixin.py:190} INFO - [2026-06-04T14:17:16.528+0000] {dagbag.py:387} ERROR - Failed to import: /opt/airflow/dags/dag.py
Traceback (most recent call last):
  File "/home/airflow/.local/lib/python3.11/site-packages/airflow/models/dagbag.py", line 383, in parse
    loader.exec_module(new_module)
  File "<frozen importlib._bootstrap_external>", line 940, in exec_module
  File "<frozen importlib._bootstrap>", line 241, in _call_with_frames_removed
  File "/opt/airflow/dags/dag.py", line 5, in <module>
    from bronze.load import load_bronze
ModuleNotFoundError: No module named 'bronze'
[2026-06-04T14:17:16.533+0000] {processor.py:927} WARNING - No viable dags retrieved from /opt/airflow/dags/dag.py
[2026-06-04T14:17:16.553+0000] {processor.py:208} INFO - Processing /opt/airflow/dags/dag.py took 0.045 seconds
[2026-06-04T14:17:46.763+0000] {processor.py:186} INFO - Started process (PID=224) to work on /opt/airflow/dags/dag.py
[2026-06-04T14:17:46.764+0000] {processor.py:914} INFO - Processing file /opt/airflow/dags/dag.py for tasks to queue
[2026-06-04T14:17:46.765+0000] {logging_mixin.py:190} INFO - [2026-06-04T14:17:46.765+0000] {dagbag.py:588} INFO - Filling up the DagBag from /opt/airflow/dags/dag.py
[2026-06-04T14:17:46.783+0000] {logging_mixin.py:190} INFO - [2026-06-04T14:17:46.778+0000] {dagbag.py:387} ERROR - Failed to import: /opt/airflow/dags/dag.py
Traceback (most recent call last):
  File "/home/airflow/.local/lib/python3.11/site-packages/airflow/models/dagbag.py", line 383, in parse
    loader.exec_module(new_module)
  File "<frozen importlib._bootstrap_external>", line 940, in exec_module
  File "<frozen importlib._bootstrap>", line 241, in _call_with_frames_removed
  File "/opt/airflow/dags/dag.py", line 5, in <module>
    from bronze.load import load_bronze
ModuleNotFoundError: No module named 'bronze'
[2026-06-04T14:17:46.784+0000] {processor.py:927} WARNING - No viable dags retrieved from /opt/airflow/dags/dag.py
[2026-06-04T14:17:46.803+0000] {processor.py:208} INFO - Processing /opt/airflow/dags/dag.py took 0.047 seconds
[2026-06-04T14:18:17.031+0000] {processor.py:186} INFO - Started process (PID=229) to work on /opt/airflow/dags/dag.py
[2026-06-04T14:18:17.032+0000] {processor.py:914} INFO - Processing file /opt/airflow/dags/dag.py for tasks to queue
[2026-06-04T14:18:17.033+0000] {logging_mixin.py:190} INFO - [2026-06-04T14:18:17.033+0000] {dagbag.py:588} INFO - Filling up the DagBag from /opt/airflow/dags/dag.py
[2026-06-04T14:18:17.047+0000] {logging_mixin.py:190} INFO - [2026-06-04T14:18:17.044+0000] {dagbag.py:387} ERROR - Failed to import: /opt/airflow/dags/dag.py
Traceback (most recent call last):
  File "/home/airflow/.local/lib/python3.11/site-packages/airflow/models/dagbag.py", line 383, in parse
    loader.exec_module(new_module)
  File "<frozen importlib._bootstrap_external>", line 940, in exec_module
  File "<frozen importlib._bootstrap>", line 241, in _call_with_frames_removed
  File "/opt/airflow/dags/dag.py", line 5, in <module>
    from bronze.load import load_bronze
ModuleNotFoundError: No module named 'bronze'
[2026-06-04T14:18:17.048+0000] {processor.py:927} WARNING - No viable dags retrieved from /opt/airflow/dags/dag.py
[2026-06-04T14:18:17.065+0000] {processor.py:208} INFO - Processing /opt/airflow/dags/dag.py took 0.040 seconds
[2026-06-04T14:18:47.228+0000] {processor.py:186} INFO - Started process (PID=234) to work on /opt/airflow/dags/dag.py
[2026-06-04T14:18:47.230+0000] {processor.py:914} INFO - Processing file /opt/airflow/dags/dag.py for tasks to queue
[2026-06-04T14:18:47.231+0000] {logging_mixin.py:190} INFO - [2026-06-04T14:18:47.231+0000] {dagbag.py:588} INFO - Filling up the DagBag from /opt/airflow/dags/dag.py
[2026-06-04T14:18:47.245+0000] {logging_mixin.py:190} INFO - [2026-06-04T14:18:47.242+0000] {dagbag.py:387} ERROR - Failed to import: /opt/airflow/dags/dag.py
Traceback (most recent call last):
  File "/home/airflow/.local/lib/python3.11/site-packages/airflow/models/dagbag.py", line 383, in parse
    loader.exec_module(new_module)
  File "<frozen importlib._bootstrap_external>", line 940, in exec_module
  File "<frozen importlib._bootstrap>", line 241, in _call_with_frames_removed
  File "/opt/airflow/dags/dag.py", line 5, in <module>
    from bronze.load import load_bronze
ModuleNotFoundError: No module named 'bronze'
[2026-06-04T14:18:47.246+0000] {processor.py:927} WARNING - No viable dags retrieved from /opt/airflow/dags/dag.py
[2026-06-04T14:18:47.265+0000] {processor.py:208} INFO - Processing /opt/airflow/dags/dag.py took 0.043 seconds
[2026-06-04T14:19:17.422+0000] {processor.py:186} INFO - Started process (PID=239) to work on /opt/airflow/dags/dag.py
[2026-06-04T14:19:17.423+0000] {processor.py:914} INFO - Processing file /opt/airflow/dags/dag.py for tasks to queue
[2026-06-04T14:19:17.424+0000] {logging_mixin.py:190} INFO - [2026-06-04T14:19:17.424+0000] {dagbag.py:588} INFO - Filling up the DagBag from /opt/airflow/dags/dag.py
[2026-06-04T14:19:17.442+0000] {logging_mixin.py:190} INFO - [2026-06-04T14:19:17.437+0000] {dagbag.py:387} ERROR - Failed to import: /opt/airflow/dags/dag.py
Traceback (most recent call last):
  File "/home/airflow/.local/lib/python3.11/site-packages/airflow/models/dagbag.py", line 383, in parse
    loader.exec_module(new_module)
  File "<frozen importlib._bootstrap_external>", line 940, in exec_module
  File "<frozen importlib._bootstrap>", line 241, in _call_with_frames_removed
  File "/opt/airflow/dags/dag.py", line 5, in <module>
    from bronze.load import load_bronze
ModuleNotFoundError: No module named 'bronze'
[2026-06-04T14:19:17.443+0000] {processor.py:927} WARNING - No viable dags retrieved from /opt/airflow/dags/dag.py
[2026-06-04T14:19:17.459+0000] {processor.py:208} INFO - Processing /opt/airflow/dags/dag.py took 0.043 seconds
[2026-06-04T14:19:47.628+0000] {processor.py:186} INFO - Started process (PID=244) to work on /opt/airflow/dags/dag.py
[2026-06-04T14:19:47.629+0000] {processor.py:914} INFO - Processing file /opt/airflow/dags/dag.py for tasks to queue
[2026-06-04T14:19:47.630+0000] {logging_mixin.py:190} INFO - [2026-06-04T14:19:47.630+0000] {dagbag.py:588} INFO - Filling up the DagBag from /opt/airflow/dags/dag.py
[2026-06-04T14:19:47.645+0000] {logging_mixin.py:190} INFO - [2026-06-04T14:19:47.641+0000] {dagbag.py:387} ERROR - Failed to import: /opt/airflow/dags/dag.py
Traceback (most recent call last):
  File "/home/airflow/.local/lib/python3.11/site-packages/airflow/models/dagbag.py", line 383, in parse
    loader.exec_module(new_module)
  File "<frozen importlib._bootstrap_external>", line 940, in exec_module
  File "<frozen importlib._bootstrap>", line 241, in _call_with_frames_removed
  File "/opt/airflow/dags/dag.py", line 5, in <module>
    from bronze.load import load_bronze
ModuleNotFoundError: No module named 'bronze'
[2026-06-04T14:19:47.646+0000] {processor.py:927} WARNING - No viable dags retrieved from /opt/airflow/dags/dag.py
[2026-06-04T14:19:47.663+0000] {processor.py:208} INFO - Processing /opt/airflow/dags/dag.py took 0.040 seconds
[2026-06-04T14:20:17.836+0000] {processor.py:186} INFO - Started process (PID=249) to work on /opt/airflow/dags/dag.py
[2026-06-04T14:20:17.837+0000] {processor.py:914} INFO - Processing file /opt/airflow/dags/dag.py for tasks to queue
[2026-06-04T14:20:17.838+0000] {logging_mixin.py:190} INFO - [2026-06-04T14:20:17.838+0000] {dagbag.py:588} INFO - Filling up the DagBag from /opt/airflow/dags/dag.py
[2026-06-04T14:20:17.854+0000] {logging_mixin.py:190} INFO - [2026-06-04T14:20:17.851+0000] {dagbag.py:387} ERROR - Failed to import: /opt/airflow/dags/dag.py
Traceback (most recent call last):
  File "/home/airflow/.local/lib/python3.11/site-packages/airflow/models/dagbag.py", line 383, in parse
    loader.exec_module(new_module)
  File "<frozen importlib._bootstrap_external>", line 940, in exec_module
  File "<frozen importlib._bootstrap>", line 241, in _call_with_frames_removed
  File "/opt/airflow/dags/dag.py", line 5, in <module>
    from bronze.load import load_bronze
ModuleNotFoundError: No module named 'bronze'
[2026-06-04T14:20:17.855+0000] {processor.py:927} WARNING - No viable dags retrieved from /opt/airflow/dags/dag.py
[2026-06-04T14:20:17.872+0000] {processor.py:208} INFO - Processing /opt/airflow/dags/dag.py took 0.041 seconds
[2026-06-04T14:20:48.040+0000] {processor.py:186} INFO - Started process (PID=254) to work on /opt/airflow/dags/dag.py
[2026-06-04T14:20:48.041+0000] {processor.py:914} INFO - Processing file /opt/airflow/dags/dag.py for tasks to queue
[2026-06-04T14:20:48.043+0000] {logging_mixin.py:190} INFO - [2026-06-04T14:20:48.043+0000] {dagbag.py:588} INFO - Filling up the DagBag from /opt/airflow/dags/dag.py
[2026-06-04T14:20:48.067+0000] {logging_mixin.py:190} INFO - [2026-06-04T14:20:48.062+0000] {dagbag.py:387} ERROR - Failed to import: /opt/airflow/dags/dag.py
Traceback (most recent call last):
  File "/home/airflow/.local/lib/python3.11/site-packages/airflow/models/dagbag.py", line 383, in parse
    loader.exec_module(new_module)
  File "<frozen importlib._bootstrap_external>", line 940, in exec_module
  File "<frozen importlib._bootstrap>", line 241, in _call_with_frames_removed
  File "/opt/airflow/dags/dag.py", line 5, in <module>
    from bronze.load import load_bronze
ModuleNotFoundError: No module named 'bronze'
[2026-06-04T14:20:48.069+0000] {processor.py:927} WARNING - No viable dags retrieved from /opt/airflow/dags/dag.py
[2026-06-04T14:20:48.119+0000] {processor.py:208} INFO - Processing /opt/airflow/dags/dag.py took 0.087 seconds
[2026-06-04T14:21:18.271+0000] {processor.py:186} INFO - Started process (PID=259) to work on /opt/airflow/dags/dag.py
[2026-06-04T14:21:18.272+0000] {processor.py:914} INFO - Processing file /opt/airflow/dags/dag.py for tasks to queue
[2026-06-04T14:21:18.274+0000] {logging_mixin.py:190} INFO - [2026-06-04T14:21:18.273+0000] {dagbag.py:588} INFO - Filling up the DagBag from /opt/airflow/dags/dag.py
[2026-06-04T14:21:18.288+0000] {logging_mixin.py:190} INFO - [2026-06-04T14:21:18.285+0000] {dagbag.py:387} ERROR - Failed to import: /opt/airflow/dags/dag.py
Traceback (most recent call last):
  File "/home/airflow/.local/lib/python3.11/site-packages/airflow/models/dagbag.py", line 383, in parse
    loader.exec_module(new_module)
  File "<frozen importlib._bootstrap_external>", line 940, in exec_module
  File "<frozen importlib._bootstrap>", line 241, in _call_with_frames_removed
  File "/opt/airflow/dags/dag.py", line 5, in <module>
    from bronze.load import load_bronze
ModuleNotFoundError: No module named 'bronze'
[2026-06-04T14:21:18.289+0000] {processor.py:927} WARNING - No viable dags retrieved from /opt/airflow/dags/dag.py
[2026-06-04T14:21:18.307+0000] {processor.py:208} INFO - Processing /opt/airflow/dags/dag.py took 0.042 seconds
[2026-06-04T14:21:48.527+0000] {processor.py:186} INFO - Started process (PID=264) to work on /opt/airflow/dags/dag.py
[2026-06-04T14:21:48.528+0000] {processor.py:914} INFO - Processing file /opt/airflow/dags/dag.py for tasks to queue
[2026-06-04T14:21:48.529+0000] {logging_mixin.py:190} INFO - [2026-06-04T14:21:48.529+0000] {dagbag.py:588} INFO - Filling up the DagBag from /opt/airflow/dags/dag.py
[2026-06-04T14:21:48.542+0000] {logging_mixin.py:190} INFO - [2026-06-04T14:21:48.539+0000] {dagbag.py:387} ERROR - Failed to import: /opt/airflow/dags/dag.py
Traceback (most recent call last):
  File "/home/airflow/.local/lib/python3.11/site-packages/airflow/models/dagbag.py", line 383, in parse
    loader.exec_module(new_module)
  File "<frozen importlib._bootstrap_external>", line 940, in exec_module
  File "<frozen importlib._bootstrap>", line 241, in _call_with_frames_removed
  File "/opt/airflow/dags/dag.py", line 5, in <module>
    from bronze.load import load_bronze
ModuleNotFoundError: No module named 'bronze'
[2026-06-04T14:21:48.543+0000] {processor.py:927} WARNING - No viable dags retrieved from /opt/airflow/dags/dag.py
[2026-06-04T14:21:48.559+0000] {processor.py:208} INFO - Processing /opt/airflow/dags/dag.py took 0.038 seconds
[2026-06-04T14:22:18.752+0000] {processor.py:186} INFO - Started process (PID=269) to work on /opt/airflow/dags/dag.py
[2026-06-04T14:22:18.753+0000] {processor.py:914} INFO - Processing file /opt/airflow/dags/dag.py for tasks to queue
[2026-06-04T14:22:18.755+0000] {logging_mixin.py:190} INFO - [2026-06-04T14:22:18.754+0000] {dagbag.py:588} INFO - Filling up the DagBag from /opt/airflow/dags/dag.py
[2026-06-04T14:22:18.804+0000] {logging_mixin.py:190} INFO - [2026-06-04T14:22:18.801+0000] {dagbag.py:387} ERROR - Failed to import: /opt/airflow/dags/dag.py
Traceback (most recent call last):
  File "/home/airflow/.local/lib/python3.11/site-packages/airflow/models/dagbag.py", line 383, in parse
    loader.exec_module(new_module)
  File "<frozen importlib._bootstrap_external>", line 940, in exec_module
  File "<frozen importlib._bootstrap>", line 241, in _call_with_frames_removed
  File "/opt/airflow/dags/dag.py", line 5, in <module>
    from bronze.load import load_bronze
ModuleNotFoundError: No module named 'bronze'
[2026-06-04T14:22:18.805+0000] {processor.py:927} WARNING - No viable dags retrieved from /opt/airflow/dags/dag.py
[2026-06-04T14:22:18.822+0000] {processor.py:208} INFO - Processing /opt/airflow/dags/dag.py took 0.076 seconds
[2026-06-04T14:22:48.983+0000] {processor.py:186} INFO - Started process (PID=274) to work on /opt/airflow/dags/dag.py
[2026-06-04T14:22:48.984+0000] {processor.py:914} INFO - Processing file /opt/airflow/dags/dag.py for tasks to queue
[2026-06-04T14:22:48.985+0000] {logging_mixin.py:190} INFO - [2026-06-04T14:22:48.984+0000] {dagbag.py:588} INFO - Filling up the DagBag from /opt/airflow/dags/dag.py
[2026-06-04T14:22:49.000+0000] {logging_mixin.py:190} INFO - [2026-06-04T14:22:48.997+0000] {dagbag.py:387} ERROR - Failed to import: /opt/airflow/dags/dag.py
Traceback (most recent call last):
  File "/home/airflow/.local/lib/python3.11/site-packages/airflow/models/dagbag.py", line 383, in parse
    loader.exec_module(new_module)
  File "<frozen importlib._bootstrap_external>", line 940, in exec_module
  File "<frozen importlib._bootstrap>", line 241, in _call_with_frames_removed
  File "/opt/airflow/dags/dag.py", line 5, in <module>
    from bronze.load import load_bronze
ModuleNotFoundError: No module named 'bronze'
[2026-06-04T14:22:49.001+0000] {processor.py:927} WARNING - No viable dags retrieved from /opt/airflow/dags/dag.py
[2026-06-04T14:22:49.017+0000] {processor.py:208} INFO - Processing /opt/airflow/dags/dag.py took 0.042 seconds
[2026-06-04T14:23:19.253+0000] {processor.py:186} INFO - Started process (PID=279) to work on /opt/airflow/dags/dag.py
[2026-06-04T14:23:19.254+0000] {processor.py:914} INFO - Processing file /opt/airflow/dags/dag.py for tasks to queue
[2026-06-04T14:23:19.256+0000] {logging_mixin.py:190} INFO - [2026-06-04T14:23:19.255+0000] {dagbag.py:588} INFO - Filling up the DagBag from /opt/airflow/dags/dag.py
[2026-06-04T14:23:19.268+0000] {logging_mixin.py:190} INFO - [2026-06-04T14:23:19.266+0000] {dagbag.py:387} ERROR - Failed to import: /opt/airflow/dags/dag.py
Traceback (most recent call last):
  File "/home/airflow/.local/lib/python3.11/site-packages/airflow/models/dagbag.py", line 383, in parse
    loader.exec_module(new_module)
  File "<frozen importlib._bootstrap_external>", line 940, in exec_module
  File "<frozen importlib._bootstrap>", line 241, in _call_with_frames_removed
  File "/opt/airflow/dags/dag.py", line 5, in <module>
    from bronze.load import load_bronze
ModuleNotFoundError: No module named 'bronze'
[2026-06-04T14:23:19.269+0000] {processor.py:927} WARNING - No viable dags retrieved from /opt/airflow/dags/dag.py
[2026-06-04T14:23:19.285+0000] {processor.py:208} INFO - Processing /opt/airflow/dags/dag.py took 0.037 seconds
[2026-06-04T14:23:49.468+0000] {processor.py:186} INFO - Started process (PID=284) to work on /opt/airflow/dags/dag.py
[2026-06-04T14:23:49.469+0000] {processor.py:914} INFO - Processing file /opt/airflow/dags/dag.py for tasks to queue
[2026-06-04T14:23:49.470+0000] {logging_mixin.py:190} INFO - [2026-06-04T14:23:49.470+0000] {dagbag.py:588} INFO - Filling up the DagBag from /opt/airflow/dags/dag.py
[2026-06-04T14:23:49.484+0000] {logging_mixin.py:190} INFO - [2026-06-04T14:23:49.481+0000] {dagbag.py:387} ERROR - Failed to import: /opt/airflow/dags/dag.py
Traceback (most recent call last):
  File "/home/airflow/.local/lib/python3.11/site-packages/airflow/models/dagbag.py", line 383, in parse
    loader.exec_module(new_module)
  File "<frozen importlib._bootstrap_external>", line 940, in exec_module
  File "<frozen importlib._bootstrap>", line 241, in _call_with_frames_removed
  File "/opt/airflow/dags/dag.py", line 5, in <module>
    from bronze.load import load_bronze
ModuleNotFoundError: No module named 'bronze'
[2026-06-04T14:23:49.485+0000] {processor.py:927} WARNING - No viable dags retrieved from /opt/airflow/dags/dag.py
[2026-06-04T14:23:49.502+0000] {processor.py:208} INFO - Processing /opt/airflow/dags/dag.py took 0.041 seconds
[2026-06-04T14:24:19.673+0000] {processor.py:186} INFO - Started process (PID=289) to work on /opt/airflow/dags/dag.py
[2026-06-04T14:24:19.674+0000] {processor.py:914} INFO - Processing file /opt/airflow/dags/dag.py for tasks to queue
[2026-06-04T14:24:19.675+0000] {logging_mixin.py:190} INFO - [2026-06-04T14:24:19.675+0000] {dagbag.py:588} INFO - Filling up the DagBag from /opt/airflow/dags/dag.py
[2026-06-04T14:24:19.693+0000] {logging_mixin.py:190} INFO - [2026-06-04T14:24:19.690+0000] {dagbag.py:387} ERROR - Failed to import: /opt/airflow/dags/dag.py
Traceback (most recent call last):
  File "/home/airflow/.local/lib/python3.11/site-packages/airflow/models/dagbag.py", line 383, in parse
    loader.exec_module(new_module)
  File "<frozen importlib._bootstrap_external>", line 940, in exec_module
  File "<frozen importlib._bootstrap>", line 241, in _call_with_frames_removed
  File "/opt/airflow/dags/dag.py", line 5, in <module>
    from bronze.load import load_bronze
ModuleNotFoundError: No module named 'bronze'
[2026-06-04T14:24:19.694+0000] {processor.py:927} WARNING - No viable dags retrieved from /opt/airflow/dags/dag.py
[2026-06-04T14:24:19.710+0000] {processor.py:208} INFO - Processing /opt/airflow/dags/dag.py took 0.042 seconds
[2026-06-04T14:24:49.892+0000] {processor.py:186} INFO - Started process (PID=294) to work on /opt/airflow/dags/dag.py
[2026-06-04T14:24:49.893+0000] {processor.py:914} INFO - Processing file /opt/airflow/dags/dag.py for tasks to queue
[2026-06-04T14:24:49.894+0000] {logging_mixin.py:190} INFO - [2026-06-04T14:24:49.894+0000] {dagbag.py:588} INFO - Filling up the DagBag from /opt/airflow/dags/dag.py
[2026-06-04T14:24:49.907+0000] {logging_mixin.py:190} INFO - [2026-06-04T14:24:49.904+0000] {dagbag.py:387} ERROR - Failed to import: /opt/airflow/dags/dag.py
Traceback (most recent call last):
  File "/home/airflow/.local/lib/python3.11/site-packages/airflow/models/dagbag.py", line 383, in parse
    loader.exec_module(new_module)
  File "<frozen importlib._bootstrap_external>", line 940, in exec_module
  File "<frozen importlib._bootstrap>", line 241, in _call_with_frames_removed
  File "/opt/airflow/dags/dag.py", line 5, in <module>
    from bronze.load import load_bronze
ModuleNotFoundError: No module named 'bronze'
[2026-06-04T14:24:49.908+0000] {processor.py:927} WARNING - No viable dags retrieved from /opt/airflow/dags/dag.py
[2026-06-04T14:24:49.923+0000] {processor.py:208} INFO - Processing /opt/airflow/dags/dag.py took 0.037 seconds
[2026-06-04T14:25:20.124+0000] {processor.py:186} INFO - Started process (PID=299) to work on /opt/airflow/dags/dag.py
[2026-06-04T14:25:20.125+0000] {processor.py:914} INFO - Processing file /opt/airflow/dags/dag.py for tasks to queue
[2026-06-04T14:25:20.126+0000] {logging_mixin.py:190} INFO - [2026-06-04T14:25:20.126+0000] {dagbag.py:588} INFO - Filling up the DagBag from /opt/airflow/dags/dag.py
[2026-06-04T14:25:20.141+0000] {logging_mixin.py:190} INFO - [2026-06-04T14:25:20.138+0000] {dagbag.py:387} ERROR - Failed to import: /opt/airflow/dags/dag.py
Traceback (most recent call last):
  File "/home/airflow/.local/lib/python3.11/site-packages/airflow/models/dagbag.py", line 383, in parse
    loader.exec_module(new_module)
  File "<frozen importlib._bootstrap_external>", line 940, in exec_module
  File "<frozen importlib._bootstrap>", line 241, in _call_with_frames_removed
  File "/opt/airflow/dags/dag.py", line 5, in <module>
    from bronze.load import load_bronze
ModuleNotFoundError: No module named 'bronze'
[2026-06-04T14:25:20.142+0000] {processor.py:927} WARNING - No viable dags retrieved from /opt/airflow/dags/dag.py
[2026-06-04T14:25:20.160+0000] {processor.py:208} INFO - Processing /opt/airflow/dags/dag.py took 0.046 seconds
[2026-06-04T14:25:50.300+0000] {processor.py:186} INFO - Started process (PID=304) to work on /opt/airflow/dags/dag.py
[2026-06-04T14:25:50.301+0000] {processor.py:914} INFO - Processing file /opt/airflow/dags/dag.py for tasks to queue
[2026-06-04T14:25:50.302+0000] {logging_mixin.py:190} INFO - [2026-06-04T14:25:50.301+0000] {dagbag.py:588} INFO - Filling up the DagBag from /opt/airflow/dags/dag.py
[2026-06-04T14:25:50.319+0000] {logging_mixin.py:190} INFO - [2026-06-04T14:25:50.315+0000] {dagbag.py:387} ERROR - Failed to import: /opt/airflow/dags/dag.py
Traceback (most recent call last):
  File "/home/airflow/.local/lib/python3.11/site-packages/airflow/models/dagbag.py", line 383, in parse
    loader.exec_module(new_module)
  File "<frozen importlib._bootstrap_external>", line 940, in exec_module
  File "<frozen importlib._bootstrap>", line 241, in _call_with_frames_removed
  File "/opt/airflow/dags/dag.py", line 5, in <module>
    from bronze.load import load_bronze
ModuleNotFoundError: No module named 'bronze'
[2026-06-04T14:25:50.320+0000] {processor.py:927} WARNING - No viable dags retrieved from /opt/airflow/dags/dag.py
[2026-06-04T14:25:50.341+0000] {processor.py:208} INFO - Processing /opt/airflow/dags/dag.py took 0.048 seconds
[2026-06-04T14:26:20.667+0000] {processor.py:186} INFO - Started process (PID=309) to work on /opt/airflow/dags/dag.py
[2026-06-04T14:26:20.668+0000] {processor.py:914} INFO - Processing file /opt/airflow/dags/dag.py for tasks to queue
[2026-06-04T14:26:20.669+0000] {logging_mixin.py:190} INFO - [2026-06-04T14:26:20.669+0000] {dagbag.py:588} INFO - Filling up the DagBag from /opt/airflow/dags/dag.py
[2026-06-04T14:26:20.685+0000] {logging_mixin.py:190} INFO - [2026-06-04T14:26:20.682+0000] {dagbag.py:387} ERROR - Failed to import: /opt/airflow/dags/dag.py
Traceback (most recent call last):
  File "/home/airflow/.local/lib/python3.11/site-packages/airflow/models/dagbag.py", line 383, in parse
    loader.exec_module(new_module)
  File "<frozen importlib._bootstrap_external>", line 940, in exec_module
  File "<frozen importlib._bootstrap>", line 241, in _call_with_frames_removed
  File "/opt/airflow/dags/dag.py", line 5, in <module>
    from bronze.load import load_bronze
ModuleNotFoundError: No module named 'bronze'
[2026-06-04T14:26:20.686+0000] {processor.py:927} WARNING - No viable dags retrieved from /opt/airflow/dags/dag.py
[2026-06-04T14:26:20.703+0000] {processor.py:208} INFO - Processing /opt/airflow/dags/dag.py took 0.041 seconds
[2026-06-04T14:26:50.975+0000] {processor.py:186} INFO - Started process (PID=314) to work on /opt/airflow/dags/dag.py
[2026-06-04T14:26:50.976+0000] {processor.py:914} INFO - Processing file /opt/airflow/dags/dag.py for tasks to queue
[2026-06-04T14:26:50.977+0000] {logging_mixin.py:190} INFO - [2026-06-04T14:26:50.977+0000] {dagbag.py:588} INFO - Filling up the DagBag from /opt/airflow/dags/dag.py
[2026-06-04T14:26:50.993+0000] {logging_mixin.py:190} INFO - [2026-06-04T14:26:50.989+0000] {dagbag.py:387} ERROR - Failed to import: /opt/airflow/dags/dag.py
Traceback (most recent call last):
  File "/home/airflow/.local/lib/python3.11/site-packages/airflow/models/dagbag.py", line 383, in parse
    loader.exec_module(new_module)
  File "<frozen importlib._bootstrap_external>", line 940, in exec_module
  File "<frozen importlib._bootstrap>", line 241, in _call_with_frames_removed
  File "/opt/airflow/dags/dag.py", line 5, in <module>
    from bronze.load import load_bronze
ModuleNotFoundError: No module named 'bronze'
[2026-06-04T14:26:50.994+0000] {processor.py:927} WARNING - No viable dags retrieved from /opt/airflow/dags/dag.py
[2026-06-04T14:26:51.014+0000] {processor.py:208} INFO - Processing /opt/airflow/dags/dag.py took 0.044 seconds
[2026-06-04T14:27:21.175+0000] {processor.py:186} INFO - Started process (PID=319) to work on /opt/airflow/dags/dag.py
[2026-06-04T14:27:21.176+0000] {processor.py:914} INFO - Processing file /opt/airflow/dags/dag.py for tasks to queue
[2026-06-04T14:27:21.177+0000] {logging_mixin.py:190} INFO - [2026-06-04T14:27:21.177+0000] {dagbag.py:588} INFO - Filling up the DagBag from /opt/airflow/dags/dag.py
[2026-06-04T14:27:21.197+0000] {logging_mixin.py:190} INFO - [2026-06-04T14:27:21.192+0000] {dagbag.py:387} ERROR - Failed to import: /opt/airflow/dags/dag.py
Traceback (most recent call last):
  File "/home/airflow/.local/lib/python3.11/site-packages/airflow/models/dagbag.py", line 383, in parse
    loader.exec_module(new_module)
  File "<frozen importlib._bootstrap_external>", line 940, in exec_module
  File "<frozen importlib._bootstrap>", line 241, in _call_with_frames_removed
  File "/opt/airflow/dags/dag.py", line 5, in <module>
    from bronze.load import load_bronze
ModuleNotFoundError: No module named 'bronze'
[2026-06-04T14:27:21.199+0000] {processor.py:927} WARNING - No viable dags retrieved from /opt/airflow/dags/dag.py
[2026-06-04T14:27:21.217+0000] {processor.py:208} INFO - Processing /opt/airflow/dags/dag.py took 0.048 seconds
[2026-06-04T14:27:51.385+0000] {processor.py:186} INFO - Started process (PID=324) to work on /opt/airflow/dags/dag.py
[2026-06-04T14:27:51.386+0000] {processor.py:914} INFO - Processing file /opt/airflow/dags/dag.py for tasks to queue
[2026-06-04T14:27:51.387+0000] {logging_mixin.py:190} INFO - [2026-06-04T14:27:51.387+0000] {dagbag.py:588} INFO - Filling up the DagBag from /opt/airflow/dags/dag.py
[2026-06-04T14:27:51.405+0000] {logging_mixin.py:190} INFO - [2026-06-04T14:27:51.401+0000] {dagbag.py:387} ERROR - Failed to import: /opt/airflow/dags/dag.py
Traceback (most recent call last):
  File "/home/airflow/.local/lib/python3.11/site-packages/airflow/models/dagbag.py", line 383, in parse
    loader.exec_module(new_module)
  File "<frozen importlib._bootstrap_external>", line 940, in exec_module
  File "<frozen importlib._bootstrap>", line 241, in _call_with_frames_removed
  File "/opt/airflow/dags/dag.py", line 5, in <module>
    from bronze.load import load_bronze
ModuleNotFoundError: No module named 'bronze'
[2026-06-04T14:27:51.406+0000] {processor.py:927} WARNING - No viable dags retrieved from /opt/airflow/dags/dag.py
[2026-06-04T14:27:51.426+0000] {processor.py:208} INFO - Processing /opt/airflow/dags/dag.py took 0.048 seconds
[2026-06-04T14:28:21.698+0000] {processor.py:186} INFO - Started process (PID=329) to work on /opt/airflow/dags/dag.py
[2026-06-04T14:28:21.699+0000] {processor.py:914} INFO - Processing file /opt/airflow/dags/dag.py for tasks to queue
[2026-06-04T14:28:21.700+0000] {logging_mixin.py:190} INFO - [2026-06-04T14:28:21.700+0000] {dagbag.py:588} INFO - Filling up the DagBag from /opt/airflow/dags/dag.py
[2026-06-04T14:28:21.717+0000] {logging_mixin.py:190} INFO - [2026-06-04T14:28:21.714+0000] {dagbag.py:387} ERROR - Failed to import: /opt/airflow/dags/dag.py
Traceback (most recent call last):
  File "/home/airflow/.local/lib/python3.11/site-packages/airflow/models/dagbag.py", line 383, in parse
    loader.exec_module(new_module)
  File "<frozen importlib._bootstrap_external>", line 940, in exec_module
  File "<frozen importlib._bootstrap>", line 241, in _call_with_frames_removed
  File "/opt/airflow/dags/dag.py", line 5, in <module>
    from bronze.load import load_bronze
ModuleNotFoundError: No module named 'bronze'
[2026-06-04T14:28:21.718+0000] {processor.py:927} WARNING - No viable dags retrieved from /opt/airflow/dags/dag.py
[2026-06-04T14:28:21.736+0000] {processor.py:208} INFO - Processing /opt/airflow/dags/dag.py took 0.043 seconds
[2026-06-04T14:28:51.935+0000] {processor.py:186} INFO - Started process (PID=334) to work on /opt/airflow/dags/dag.py
[2026-06-04T14:28:51.936+0000] {processor.py:914} INFO - Processing file /opt/airflow/dags/dag.py for tasks to queue
[2026-06-04T14:28:51.938+0000] {logging_mixin.py:190} INFO - [2026-06-04T14:28:51.937+0000] {dagbag.py:588} INFO - Filling up the DagBag from /opt/airflow/dags/dag.py
[2026-06-04T14:28:51.958+0000] {logging_mixin.py:190} INFO - [2026-06-04T14:28:51.955+0000] {dagbag.py:387} ERROR - Failed to import: /opt/airflow/dags/dag.py
Traceback (most recent call last):
  File "/home/airflow/.local/lib/python3.11/site-packages/airflow/models/dagbag.py", line 383, in parse
    loader.exec_module(new_module)
  File "<frozen importlib._bootstrap_external>", line 940, in exec_module
  File "<frozen importlib._bootstrap>", line 241, in _call_with_frames_removed
  File "/opt/airflow/dags/dag.py", line 5, in <module>
    from bronze.load import load_bronze
ModuleNotFoundError: No module named 'bronze'
[2026-06-04T14:28:51.959+0000] {processor.py:927} WARNING - No viable dags retrieved from /opt/airflow/dags/dag.py
[2026-06-04T14:28:51.977+0000] {processor.py:208} INFO - Processing /opt/airflow/dags/dag.py took 0.048 seconds
[2026-06-04T14:29:22.153+0000] {processor.py:186} INFO - Started process (PID=339) to work on /opt/airflow/dags/dag.py
[2026-06-04T14:29:22.156+0000] {processor.py:914} INFO - Processing file /opt/airflow/dags/dag.py for tasks to queue
[2026-06-04T14:29:22.157+0000] {logging_mixin.py:190} INFO - [2026-06-04T14:29:22.157+0000] {dagbag.py:588} INFO - Filling up the DagBag from /opt/airflow/dags/dag.py
[2026-06-04T14:29:22.188+0000] {logging_mixin.py:190} INFO - [2026-06-04T14:29:22.184+0000] {dagbag.py:387} ERROR - Failed to import: /opt/airflow/dags/dag.py
Traceback (most recent call last):
  File "/home/airflow/.local/lib/python3.11/site-packages/airflow/models/dagbag.py", line 383, in parse
    loader.exec_module(new_module)
  File "<frozen importlib._bootstrap_external>", line 940, in exec_module
  File "<frozen importlib._bootstrap>", line 241, in _call_with_frames_removed
  File "/opt/airflow/dags/dag.py", line 5, in <module>
    from bronze.load import load_bronze
ModuleNotFoundError: No module named 'bronze'
[2026-06-04T14:29:22.190+0000] {processor.py:927} WARNING - No viable dags retrieved from /opt/airflow/dags/dag.py
[2026-06-04T14:29:22.216+0000] {processor.py:208} INFO - Processing /opt/airflow/dags/dag.py took 0.080 seconds
[2026-06-04T14:29:52.383+0000] {processor.py:186} INFO - Started process (PID=344) to work on /opt/airflow/dags/dag.py
[2026-06-04T14:29:52.385+0000] {processor.py:914} INFO - Processing file /opt/airflow/dags/dag.py for tasks to queue
[2026-06-04T14:29:52.386+0000] {logging_mixin.py:190} INFO - [2026-06-04T14:29:52.386+0000] {dagbag.py:588} INFO - Filling up the DagBag from /opt/airflow/dags/dag.py
[2026-06-04T14:29:52.404+0000] {logging_mixin.py:190} INFO - [2026-06-04T14:29:52.401+0000] {dagbag.py:387} ERROR - Failed to import: /opt/airflow/dags/dag.py
Traceback (most recent call last):
  File "/home/airflow/.local/lib/python3.11/site-packages/airflow/models/dagbag.py", line 383, in parse
    loader.exec_module(new_module)
  File "<frozen importlib._bootstrap_external>", line 940, in exec_module
  File "<frozen importlib._bootstrap>", line 241, in _call_with_frames_removed
  File "/opt/airflow/dags/dag.py", line 5, in <module>
    from bronze.load import load_bronze
ModuleNotFoundError: No module named 'bronze'
[2026-06-04T14:29:52.405+0000] {processor.py:927} WARNING - No viable dags retrieved from /opt/airflow/dags/dag.py
[2026-06-04T14:29:52.459+0000] {processor.py:208} INFO - Processing /opt/airflow/dags/dag.py took 0.085 seconds
[2026-06-04T14:30:22.699+0000] {processor.py:186} INFO - Started process (PID=349) to work on /opt/airflow/dags/dag.py
[2026-06-04T14:30:22.700+0000] {processor.py:914} INFO - Processing file /opt/airflow/dags/dag.py for tasks to queue
[2026-06-04T14:30:22.702+0000] {logging_mixin.py:190} INFO - [2026-06-04T14:30:22.701+0000] {dagbag.py:588} INFO - Filling up the DagBag from /opt/airflow/dags/dag.py
[2026-06-04T14:30:22.719+0000] {logging_mixin.py:190} INFO - [2026-06-04T14:30:22.716+0000] {dagbag.py:387} ERROR - Failed to import: /opt/airflow/dags/dag.py
Traceback (most recent call last):
  File "/home/airflow/.local/lib/python3.11/site-packages/airflow/models/dagbag.py", line 383, in parse
    loader.exec_module(new_module)
  File "<frozen importlib._bootstrap_external>", line 940, in exec_module
  File "<frozen importlib._bootstrap>", line 241, in _call_with_frames_removed
  File "/opt/airflow/dags/dag.py", line 5, in <module>
    from bronze.load import load_bronze
ModuleNotFoundError: No module named 'bronze'
[2026-06-04T14:30:22.720+0000] {processor.py:927} WARNING - No viable dags retrieved from /opt/airflow/dags/dag.py
[2026-06-04T14:30:22.738+0000] {processor.py:208} INFO - Processing /opt/airflow/dags/dag.py took 0.045 seconds
[2026-06-04T14:30:52.932+0000] {processor.py:186} INFO - Started process (PID=354) to work on /opt/airflow/dags/dag.py
[2026-06-04T14:30:52.932+0000] {processor.py:914} INFO - Processing file /opt/airflow/dags/dag.py for tasks to queue
[2026-06-04T14:30:52.934+0000] {logging_mixin.py:190} INFO - [2026-06-04T14:30:52.933+0000] {dagbag.py:588} INFO - Filling up the DagBag from /opt/airflow/dags/dag.py
[2026-06-04T14:30:52.948+0000] {logging_mixin.py:190} INFO - [2026-06-04T14:30:52.945+0000] {dagbag.py:387} ERROR - Failed to import: /opt/airflow/dags/dag.py
Traceback (most recent call last):
  File "/home/airflow/.local/lib/python3.11/site-packages/airflow/models/dagbag.py", line 383, in parse
    loader.exec_module(new_module)
  File "<frozen importlib._bootstrap_external>", line 940, in exec_module
  File "<frozen importlib._bootstrap>", line 241, in _call_with_frames_removed
  File "/opt/airflow/dags/dag.py", line 5, in <module>
    from bronze.load import load_bronze
ModuleNotFoundError: No module named 'bronze'
[2026-06-04T14:30:52.950+0000] {processor.py:927} WARNING - No viable dags retrieved from /opt/airflow/dags/dag.py
[2026-06-04T14:30:52.967+0000] {processor.py:208} INFO - Processing /opt/airflow/dags/dag.py took 0.042 seconds
[2026-06-04T14:31:23.367+0000] {processor.py:186} INFO - Started process (PID=359) to work on /opt/airflow/dags/dag.py
[2026-06-04T14:31:23.368+0000] {processor.py:914} INFO - Processing file /opt/airflow/dags/dag.py for tasks to queue
[2026-06-04T14:31:23.369+0000] {logging_mixin.py:190} INFO - [2026-06-04T14:31:23.369+0000] {dagbag.py:588} INFO - Filling up the DagBag from /opt/airflow/dags/dag.py
[2026-06-04T14:31:23.385+0000] {logging_mixin.py:190} INFO - [2026-06-04T14:31:23.382+0000] {dagbag.py:387} ERROR - Failed to import: /opt/airflow/dags/dag.py
Traceback (most recent call last):
  File "/home/airflow/.local/lib/python3.11/site-packages/airflow/models/dagbag.py", line 383, in parse
    loader.exec_module(new_module)
  File "<frozen importlib._bootstrap_external>", line 940, in exec_module
  File "<frozen importlib._bootstrap>", line 241, in _call_with_frames_removed
  File "/opt/airflow/dags/dag.py", line 5, in <module>
    from bronze.load import load_bronze
ModuleNotFoundError: No module named 'bronze'
[2026-06-04T14:31:23.386+0000] {processor.py:927} WARNING - No viable dags retrieved from /opt/airflow/dags/dag.py
[2026-06-04T14:31:23.407+0000] {processor.py:208} INFO - Processing /opt/airflow/dags/dag.py took 0.046 seconds
[2026-06-04T14:31:53.633+0000] {processor.py:186} INFO - Started process (PID=364) to work on /opt/airflow/dags/dag.py
[2026-06-04T14:31:53.634+0000] {processor.py:914} INFO - Processing file /opt/airflow/dags/dag.py for tasks to queue
[2026-06-04T14:31:53.636+0000] {logging_mixin.py:190} INFO - [2026-06-04T14:31:53.635+0000] {dagbag.py:588} INFO - Filling up the DagBag from /opt/airflow/dags/dag.py
[2026-06-04T14:31:53.653+0000] {logging_mixin.py:190} INFO - [2026-06-04T14:31:53.650+0000] {dagbag.py:387} ERROR - Failed to import: /opt/airflow/dags/dag.py
Traceback (most recent call last):
  File "/home/airflow/.local/lib/python3.11/site-packages/airflow/models/dagbag.py", line 383, in parse
    loader.exec_module(new_module)
  File "<frozen importlib._bootstrap_external>", line 940, in exec_module
  File "<frozen importlib._bootstrap>", line 241, in _call_with_frames_removed
  File "/opt/airflow/dags/dag.py", line 5, in <module>
    from bronze.load import load_bronze
ModuleNotFoundError: No module named 'bronze'
[2026-06-04T14:31:53.654+0000] {processor.py:927} WARNING - No viable dags retrieved from /opt/airflow/dags/dag.py
[2026-06-04T14:31:53.673+0000] {processor.py:208} INFO - Processing /opt/airflow/dags/dag.py took 0.048 seconds
[2026-06-04T14:32:23.825+0000] {processor.py:186} INFO - Started process (PID=369) to work on /opt/airflow/dags/dag.py
[2026-06-04T14:32:23.826+0000] {processor.py:914} INFO - Processing file /opt/airflow/dags/dag.py for tasks to queue
[2026-06-04T14:32:23.827+0000] {logging_mixin.py:190} INFO - [2026-06-04T14:32:23.827+0000] {dagbag.py:588} INFO - Filling up the DagBag from /opt/airflow/dags/dag.py
[2026-06-04T14:32:23.842+0000] {logging_mixin.py:190} INFO - [2026-06-04T14:32:23.839+0000] {dagbag.py:387} ERROR - Failed to import: /opt/airflow/dags/dag.py
Traceback (most recent call last):
  File "/home/airflow/.local/lib/python3.11/site-packages/airflow/models/dagbag.py", line 383, in parse
    loader.exec_module(new_module)
  File "<frozen importlib._bootstrap_external>", line 940, in exec_module
  File "<frozen importlib._bootstrap>", line 241, in _call_with_frames_removed
  File "/opt/airflow/dags/dag.py", line 5, in <module>
    from bronze.load import load_bronze
ModuleNotFoundError: No module named 'bronze'
[2026-06-04T14:32:23.843+0000] {processor.py:927} WARNING - No viable dags retrieved from /opt/airflow/dags/dag.py
[2026-06-04T14:32:23.860+0000] {processor.py:208} INFO - Processing /opt/airflow/dags/dag.py took 0.041 seconds
[2026-06-04T14:32:54.153+0000] {processor.py:186} INFO - Started process (PID=374) to work on /opt/airflow/dags/dag.py
[2026-06-04T14:32:54.154+0000] {processor.py:914} INFO - Processing file /opt/airflow/dags/dag.py for tasks to queue
[2026-06-04T14:32:54.156+0000] {logging_mixin.py:190} INFO - [2026-06-04T14:32:54.155+0000] {dagbag.py:588} INFO - Filling up the DagBag from /opt/airflow/dags/dag.py
[2026-06-04T14:32:54.180+0000] {logging_mixin.py:190} INFO - [2026-06-04T14:32:54.176+0000] {dagbag.py:387} ERROR - Failed to import: /opt/airflow/dags/dag.py
Traceback (most recent call last):
  File "/home/airflow/.local/lib/python3.11/site-packages/airflow/models/dagbag.py", line 383, in parse
    loader.exec_module(new_module)
  File "<frozen importlib._bootstrap_external>", line 940, in exec_module
  File "<frozen importlib._bootstrap>", line 241, in _call_with_frames_removed
  File "/opt/airflow/dags/dag.py", line 5, in <module>
    from bronze.load import load_bronze
ModuleNotFoundError: No module named 'bronze'
[2026-06-04T14:32:54.181+0000] {processor.py:927} WARNING - No viable dags retrieved from /opt/airflow/dags/dag.py
[2026-06-04T14:32:54.201+0000] {processor.py:208} INFO - Processing /opt/airflow/dags/dag.py took 0.053 seconds
[2026-06-04T14:33:24.395+0000] {processor.py:186} INFO - Started process (PID=379) to work on /opt/airflow/dags/dag.py
[2026-06-04T14:33:24.397+0000] {processor.py:914} INFO - Processing file /opt/airflow/dags/dag.py for tasks to queue
[2026-06-04T14:33:24.398+0000] {logging_mixin.py:190} INFO - [2026-06-04T14:33:24.398+0000] {dagbag.py:588} INFO - Filling up the DagBag from /opt/airflow/dags/dag.py
[2026-06-04T14:33:24.412+0000] {logging_mixin.py:190} INFO - [2026-06-04T14:33:24.409+0000] {dagbag.py:387} ERROR - Failed to import: /opt/airflow/dags/dag.py
Traceback (most recent call last):
  File "/home/airflow/.local/lib/python3.11/site-packages/airflow/models/dagbag.py", line 383, in parse
    loader.exec_module(new_module)
  File "<frozen importlib._bootstrap_external>", line 940, in exec_module
  File "<frozen importlib._bootstrap>", line 241, in _call_with_frames_removed
  File "/opt/airflow/dags/dag.py", line 5, in <module>
    from bronze.load import load_bronze
ModuleNotFoundError: No module named 'bronze'
[2026-06-04T14:33:24.414+0000] {processor.py:927} WARNING - No viable dags retrieved from /opt/airflow/dags/dag.py
[2026-06-04T14:33:24.435+0000] {processor.py:208} INFO - Processing /opt/airflow/dags/dag.py took 0.047 seconds
[2026-06-04T14:33:54.587+0000] {processor.py:186} INFO - Started process (PID=384) to work on /opt/airflow/dags/dag.py
[2026-06-04T14:33:54.589+0000] {processor.py:914} INFO - Processing file /opt/airflow/dags/dag.py for tasks to queue
[2026-06-04T14:33:54.592+0000] {logging_mixin.py:190} INFO - [2026-06-04T14:33:54.592+0000] {dagbag.py:588} INFO - Filling up the DagBag from /opt/airflow/dags/dag.py
[2026-06-04T14:33:54.609+0000] {logging_mixin.py:190} INFO - [2026-06-04T14:33:54.605+0000] {dagbag.py:387} ERROR - Failed to import: /opt/airflow/dags/dag.py
Traceback (most recent call last):
  File "/home/airflow/.local/lib/python3.11/site-packages/airflow/models/dagbag.py", line 383, in parse
    loader.exec_module(new_module)
  File "<frozen importlib._bootstrap_external>", line 940, in exec_module
  File "<frozen importlib._bootstrap>", line 241, in _call_with_frames_removed
  File "/opt/airflow/dags/dag.py", line 5, in <module>
    from bronze.load import load_bronze
ModuleNotFoundError: No module named 'bronze'
[2026-06-04T14:33:54.610+0000] {processor.py:927} WARNING - No viable dags retrieved from /opt/airflow/dags/dag.py
[2026-06-04T14:33:54.628+0000] {processor.py:208} INFO - Processing /opt/airflow/dags/dag.py took 0.047 seconds
[2026-06-04T14:34:24.817+0000] {processor.py:186} INFO - Started process (PID=389) to work on /opt/airflow/dags/dag.py
[2026-06-04T14:34:24.818+0000] {processor.py:914} INFO - Processing file /opt/airflow/dags/dag.py for tasks to queue
[2026-06-04T14:34:24.819+0000] {logging_mixin.py:190} INFO - [2026-06-04T14:34:24.819+0000] {dagbag.py:588} INFO - Filling up the DagBag from /opt/airflow/dags/dag.py
[2026-06-04T14:34:24.837+0000] {logging_mixin.py:190} INFO - [2026-06-04T14:34:24.833+0000] {dagbag.py:387} ERROR - Failed to import: /opt/airflow/dags/dag.py
Traceback (most recent call last):
  File "/home/airflow/.local/lib/python3.11/site-packages/airflow/models/dagbag.py", line 383, in parse
    loader.exec_module(new_module)
  File "<frozen importlib._bootstrap_external>", line 940, in exec_module
  File "<frozen importlib._bootstrap>", line 241, in _call_with_frames_removed
  File "/opt/airflow/dags/dag.py", line 5, in <module>
    from bronze.load import load_bronze
ModuleNotFoundError: No module named 'bronze'
[2026-06-04T14:34:24.838+0000] {processor.py:927} WARNING - No viable dags retrieved from /opt/airflow/dags/dag.py
[2026-06-04T14:34:24.855+0000] {processor.py:208} INFO - Processing /opt/airflow/dags/dag.py took 0.044 seconds
[2026-06-04T14:34:55.133+0000] {processor.py:186} INFO - Started process (PID=394) to work on /opt/airflow/dags/dag.py
[2026-06-04T14:34:55.134+0000] {processor.py:914} INFO - Processing file /opt/airflow/dags/dag.py for tasks to queue
[2026-06-04T14:34:55.135+0000] {logging_mixin.py:190} INFO - [2026-06-04T14:34:55.135+0000] {dagbag.py:588} INFO - Filling up the DagBag from /opt/airflow/dags/dag.py
[2026-06-04T14:34:55.148+0000] {logging_mixin.py:190} INFO - [2026-06-04T14:34:55.145+0000] {dagbag.py:387} ERROR - Failed to import: /opt/airflow/dags/dag.py
Traceback (most recent call last):
  File "/home/airflow/.local/lib/python3.11/site-packages/airflow/models/dagbag.py", line 383, in parse
    loader.exec_module(new_module)
  File "<frozen importlib._bootstrap_external>", line 940, in exec_module
  File "<frozen importlib._bootstrap>", line 241, in _call_with_frames_removed
  File "/opt/airflow/dags/dag.py", line 5, in <module>
    from bronze.load import load_bronze
ModuleNotFoundError: No module named 'bronze'
[2026-06-04T14:34:55.150+0000] {processor.py:927} WARNING - No viable dags retrieved from /opt/airflow/dags/dag.py
[2026-06-04T14:34:55.166+0000] {processor.py:208} INFO - Processing /opt/airflow/dags/dag.py took 0.039 seconds
[2026-06-04T14:35:25.333+0000] {processor.py:186} INFO - Started process (PID=399) to work on /opt/airflow/dags/dag.py
[2026-06-04T14:35:25.334+0000] {processor.py:914} INFO - Processing file /opt/airflow/dags/dag.py for tasks to queue
[2026-06-04T14:35:25.336+0000] {logging_mixin.py:190} INFO - [2026-06-04T14:35:25.336+0000] {dagbag.py:588} INFO - Filling up the DagBag from /opt/airflow/dags/dag.py
[2026-06-04T14:35:25.354+0000] {logging_mixin.py:190} INFO - [2026-06-04T14:35:25.351+0000] {dagbag.py:387} ERROR - Failed to import: /opt/airflow/dags/dag.py
Traceback (most recent call last):
  File "/home/airflow/.local/lib/python3.11/site-packages/airflow/models/dagbag.py", line 383, in parse
    loader.exec_module(new_module)
  File "<frozen importlib._bootstrap_external>", line 940, in exec_module
  File "<frozen importlib._bootstrap>", line 241, in _call_with_frames_removed
  File "/opt/airflow/dags/dag.py", line 5, in <module>
    from bronze.load import load_bronze
ModuleNotFoundError: No module named 'bronze'
[2026-06-04T14:35:25.355+0000] {processor.py:927} WARNING - No viable dags retrieved from /opt/airflow/dags/dag.py
[2026-06-04T14:35:25.374+0000] {processor.py:208} INFO - Processing /opt/airflow/dags/dag.py took 0.048 seconds
[2026-06-04T14:35:55.543+0000] {processor.py:186} INFO - Started process (PID=404) to work on /opt/airflow/dags/dag.py
[2026-06-04T14:35:55.544+0000] {processor.py:914} INFO - Processing file /opt/airflow/dags/dag.py for tasks to queue
[2026-06-04T14:35:55.545+0000] {logging_mixin.py:190} INFO - [2026-06-04T14:35:55.545+0000] {dagbag.py:588} INFO - Filling up the DagBag from /opt/airflow/dags/dag.py
[2026-06-04T14:35:55.558+0000] {logging_mixin.py:190} INFO - [2026-06-04T14:35:55.555+0000] {dagbag.py:387} ERROR - Failed to import: /opt/airflow/dags/dag.py
Traceback (most recent call last):
  File "/home/airflow/.local/lib/python3.11/site-packages/airflow/models/dagbag.py", line 383, in parse
    loader.exec_module(new_module)
  File "<frozen importlib._bootstrap_external>", line 940, in exec_module
  File "<frozen importlib._bootstrap>", line 241, in _call_with_frames_removed
  File "/opt/airflow/dags/dag.py", line 5, in <module>
    from bronze.load import load_bronze
ModuleNotFoundError: No module named 'bronze'
[2026-06-04T14:35:55.560+0000] {processor.py:927} WARNING - No viable dags retrieved from /opt/airflow/dags/dag.py
[2026-06-04T14:35:55.577+0000] {processor.py:208} INFO - Processing /opt/airflow/dags/dag.py took 0.040 seconds
[2026-06-04T14:36:25.791+0000] {processor.py:186} INFO - Started process (PID=409) to work on /opt/airflow/dags/dag.py
[2026-06-04T14:36:25.792+0000] {processor.py:914} INFO - Processing file /opt/airflow/dags/dag.py for tasks to queue
[2026-06-04T14:36:25.793+0000] {logging_mixin.py:190} INFO - [2026-06-04T14:36:25.793+0000] {dagbag.py:588} INFO - Filling up the DagBag from /opt/airflow/dags/dag.py
[2026-06-04T14:36:25.809+0000] {logging_mixin.py:190} INFO - [2026-06-04T14:36:25.805+0000] {dagbag.py:387} ERROR - Failed to import: /opt/airflow/dags/dag.py
Traceback (most recent call last):
  File "/home/airflow/.local/lib/python3.11/site-packages/airflow/models/dagbag.py", line 383, in parse
    loader.exec_module(new_module)
  File "<frozen importlib._bootstrap_external>", line 940, in exec_module
  File "<frozen importlib._bootstrap>", line 241, in _call_with_frames_removed
  File "/opt/airflow/dags/dag.py", line 5, in <module>
    from bronze.load import load_bronze
ModuleNotFoundError: No module named 'bronze'
[2026-06-04T14:36:25.810+0000] {processor.py:927} WARNING - No viable dags retrieved from /opt/airflow/dags/dag.py
[2026-06-04T14:36:25.835+0000] {processor.py:208} INFO - Processing /opt/airflow/dags/dag.py took 0.051 seconds
[2026-06-04T14:36:56.003+0000] {processor.py:186} INFO - Started process (PID=414) to work on /opt/airflow/dags/dag.py
[2026-06-04T14:36:56.004+0000] {processor.py:914} INFO - Processing file /opt/airflow/dags/dag.py for tasks to queue
[2026-06-04T14:36:56.005+0000] {logging_mixin.py:190} INFO - [2026-06-04T14:36:56.005+0000] {dagbag.py:588} INFO - Filling up the DagBag from /opt/airflow/dags/dag.py
[2026-06-04T14:36:56.019+0000] {logging_mixin.py:190} INFO - [2026-06-04T14:36:56.016+0000] {dagbag.py:387} ERROR - Failed to import: /opt/airflow/dags/dag.py
Traceback (most recent call last):
  File "/home/airflow/.local/lib/python3.11/site-packages/airflow/models/dagbag.py", line 383, in parse
    loader.exec_module(new_module)
  File "<frozen importlib._bootstrap_external>", line 940, in exec_module
  File "<frozen importlib._bootstrap>", line 241, in _call_with_frames_removed
  File "/opt/airflow/dags/dag.py", line 5, in <module>
    from bronze.load import load_bronze
ModuleNotFoundError: No module named 'bronze'
[2026-06-04T14:36:56.020+0000] {processor.py:927} WARNING - No viable dags retrieved from /opt/airflow/dags/dag.py
[2026-06-04T14:36:56.037+0000] {processor.py:208} INFO - Processing /opt/airflow/dags/dag.py took 0.039 seconds
[2026-06-04T14:37:26.211+0000] {processor.py:186} INFO - Started process (PID=419) to work on /opt/airflow/dags/dag.py
[2026-06-04T14:37:26.212+0000] {processor.py:914} INFO - Processing file /opt/airflow/dags/dag.py for tasks to queue
[2026-06-04T14:37:26.214+0000] {logging_mixin.py:190} INFO - [2026-06-04T14:37:26.213+0000] {dagbag.py:588} INFO - Filling up the DagBag from /opt/airflow/dags/dag.py
[2026-06-04T14:37:26.229+0000] {logging_mixin.py:190} INFO - [2026-06-04T14:37:26.225+0000] {dagbag.py:387} ERROR - Failed to import: /opt/airflow/dags/dag.py
Traceback (most recent call last):
  File "/home/airflow/.local/lib/python3.11/site-packages/airflow/models/dagbag.py", line 383, in parse
    loader.exec_module(new_module)
  File "<frozen importlib._bootstrap_external>", line 940, in exec_module
  File "<frozen importlib._bootstrap>", line 241, in _call_with_frames_removed
  File "/opt/airflow/dags/dag.py", line 5, in <module>
    from bronze.load import load_bronze
ModuleNotFoundError: No module named 'bronze'
[2026-06-04T14:37:26.230+0000] {processor.py:927} WARNING - No viable dags retrieved from /opt/airflow/dags/dag.py
[2026-06-04T14:37:26.247+0000] {processor.py:208} INFO - Processing /opt/airflow/dags/dag.py took 0.041 seconds
[2026-06-04T14:37:56.410+0000] {processor.py:186} INFO - Started process (PID=424) to work on /opt/airflow/dags/dag.py
[2026-06-04T14:37:56.411+0000] {processor.py:914} INFO - Processing file /opt/airflow/dags/dag.py for tasks to queue
[2026-06-04T14:37:56.413+0000] {logging_mixin.py:190} INFO - [2026-06-04T14:37:56.413+0000] {dagbag.py:588} INFO - Filling up the DagBag from /opt/airflow/dags/dag.py
[2026-06-04T14:37:56.430+0000] {logging_mixin.py:190} INFO - [2026-06-04T14:37:56.427+0000] {dagbag.py:387} ERROR - Failed to import: /opt/airflow/dags/dag.py
Traceback (most recent call last):
  File "/home/airflow/.local/lib/python3.11/site-packages/airflow/models/dagbag.py", line 383, in parse
    loader.exec_module(new_module)
  File "<frozen importlib._bootstrap_external>", line 940, in exec_module
  File "<frozen importlib._bootstrap>", line 241, in _call_with_frames_removed
  File "/opt/airflow/dags/dag.py", line 5, in <module>
    from bronze.load import load_bronze
ModuleNotFoundError: No module named 'bronze'
[2026-06-04T14:37:56.431+0000] {processor.py:927} WARNING - No viable dags retrieved from /opt/airflow/dags/dag.py
[2026-06-04T14:37:56.448+0000] {processor.py:208} INFO - Processing /opt/airflow/dags/dag.py took 0.044 seconds
[2026-06-04T14:38:26.654+0000] {processor.py:186} INFO - Started process (PID=429) to work on /opt/airflow/dags/dag.py
[2026-06-04T14:38:26.655+0000] {processor.py:914} INFO - Processing file /opt/airflow/dags/dag.py for tasks to queue
[2026-06-04T14:38:26.656+0000] {logging_mixin.py:190} INFO - [2026-06-04T14:38:26.656+0000] {dagbag.py:588} INFO - Filling up the DagBag from /opt/airflow/dags/dag.py
[2026-06-04T14:38:26.670+0000] {logging_mixin.py:190} INFO - [2026-06-04T14:38:26.668+0000] {dagbag.py:387} ERROR - Failed to import: /opt/airflow/dags/dag.py
Traceback (most recent call last):
  File "/home/airflow/.local/lib/python3.11/site-packages/airflow/models/dagbag.py", line 383, in parse
    loader.exec_module(new_module)
  File "<frozen importlib._bootstrap_external>", line 940, in exec_module
  File "<frozen importlib._bootstrap>", line 241, in _call_with_frames_removed
  File "/opt/airflow/dags/dag.py", line 5, in <module>
    from bronze.load import load_bronze
ModuleNotFoundError: No module named 'bronze'
[2026-06-04T14:38:26.671+0000] {processor.py:927} WARNING - No viable dags retrieved from /opt/airflow/dags/dag.py
[2026-06-04T14:38:26.687+0000] {processor.py:208} INFO - Processing /opt/airflow/dags/dag.py took 0.038 seconds
[2026-06-04T14:38:56.858+0000] {processor.py:186} INFO - Started process (PID=434) to work on /opt/airflow/dags/dag.py
[2026-06-04T14:38:56.860+0000] {processor.py:914} INFO - Processing file /opt/airflow/dags/dag.py for tasks to queue
[2026-06-04T14:38:56.861+0000] {logging_mixin.py:190} INFO - [2026-06-04T14:38:56.861+0000] {dagbag.py:588} INFO - Filling up the DagBag from /opt/airflow/dags/dag.py
[2026-06-04T14:38:56.883+0000] {logging_mixin.py:190} INFO - [2026-06-04T14:38:56.878+0000] {dagbag.py:387} ERROR - Failed to import: /opt/airflow/dags/dag.py
Traceback (most recent call last):
  File "/home/airflow/.local/lib/python3.11/site-packages/airflow/models/dagbag.py", line 383, in parse
    loader.exec_module(new_module)
  File "<frozen importlib._bootstrap_external>", line 940, in exec_module
  File "<frozen importlib._bootstrap>", line 241, in _call_with_frames_removed
  File "/opt/airflow/dags/dag.py", line 5, in <module>
    from bronze.load import load_bronze
ModuleNotFoundError: No module named 'bronze'
[2026-06-04T14:38:56.887+0000] {processor.py:927} WARNING - No viable dags retrieved from /opt/airflow/dags/dag.py
[2026-06-04T14:38:56.907+0000] {processor.py:208} INFO - Processing /opt/airflow/dags/dag.py took 0.054 seconds
[2026-06-04T14:39:27.094+0000] {processor.py:186} INFO - Started process (PID=439) to work on /opt/airflow/dags/dag.py
[2026-06-04T14:39:27.095+0000] {processor.py:914} INFO - Processing file /opt/airflow/dags/dag.py for tasks to queue
[2026-06-04T14:39:27.097+0000] {logging_mixin.py:190} INFO - [2026-06-04T14:39:27.096+0000] {dagbag.py:588} INFO - Filling up the DagBag from /opt/airflow/dags/dag.py
[2026-06-04T14:39:27.117+0000] {logging_mixin.py:190} INFO - [2026-06-04T14:39:27.113+0000] {dagbag.py:387} ERROR - Failed to import: /opt/airflow/dags/dag.py
Traceback (most recent call last):
  File "/home/airflow/.local/lib/python3.11/site-packages/airflow/models/dagbag.py", line 383, in parse
    loader.exec_module(new_module)
  File "<frozen importlib._bootstrap_external>", line 940, in exec_module
  File "<frozen importlib._bootstrap>", line 241, in _call_with_frames_removed
  File "/opt/airflow/dags/dag.py", line 5, in <module>
    from bronze.load import load_bronze
ModuleNotFoundError: No module named 'bronze'
[2026-06-04T14:39:27.119+0000] {processor.py:927} WARNING - No viable dags retrieved from /opt/airflow/dags/dag.py
[2026-06-04T14:39:27.135+0000] {processor.py:208} INFO - Processing /opt/airflow/dags/dag.py took 0.047 seconds
[2026-06-04T14:39:57.310+0000] {processor.py:186} INFO - Started process (PID=444) to work on /opt/airflow/dags/dag.py
[2026-06-04T14:39:57.311+0000] {processor.py:914} INFO - Processing file /opt/airflow/dags/dag.py for tasks to queue
[2026-06-04T14:39:57.312+0000] {logging_mixin.py:190} INFO - [2026-06-04T14:39:57.312+0000] {dagbag.py:588} INFO - Filling up the DagBag from /opt/airflow/dags/dag.py
[2026-06-04T14:39:57.325+0000] {logging_mixin.py:190} INFO - [2026-06-04T14:39:57.323+0000] {dagbag.py:387} ERROR - Failed to import: /opt/airflow/dags/dag.py
Traceback (most recent call last):
  File "/home/airflow/.local/lib/python3.11/site-packages/airflow/models/dagbag.py", line 383, in parse
    loader.exec_module(new_module)
  File "<frozen importlib._bootstrap_external>", line 940, in exec_module
  File "<frozen importlib._bootstrap>", line 241, in _call_with_frames_removed
  File "/opt/airflow/dags/dag.py", line 5, in <module>
    from bronze.load import load_bronze
ModuleNotFoundError: No module named 'bronze'
[2026-06-04T14:39:57.326+0000] {processor.py:927} WARNING - No viable dags retrieved from /opt/airflow/dags/dag.py
[2026-06-04T14:39:57.342+0000] {processor.py:208} INFO - Processing /opt/airflow/dags/dag.py took 0.037 seconds
[2026-06-04T14:40:27.520+0000] {processor.py:186} INFO - Started process (PID=449) to work on /opt/airflow/dags/dag.py
[2026-06-04T14:40:27.521+0000] {processor.py:914} INFO - Processing file /opt/airflow/dags/dag.py for tasks to queue
[2026-06-04T14:40:27.522+0000] {logging_mixin.py:190} INFO - [2026-06-04T14:40:27.522+0000] {dagbag.py:588} INFO - Filling up the DagBag from /opt/airflow/dags/dag.py
[2026-06-04T14:40:27.538+0000] {logging_mixin.py:190} INFO - [2026-06-04T14:40:27.535+0000] {dagbag.py:387} ERROR - Failed to import: /opt/airflow/dags/dag.py
Traceback (most recent call last):
  File "/home/airflow/.local/lib/python3.11/site-packages/airflow/models/dagbag.py", line 383, in parse
    loader.exec_module(new_module)
  File "<frozen importlib._bootstrap_external>", line 940, in exec_module
  File "<frozen importlib._bootstrap>", line 241, in _call_with_frames_removed
  File "/opt/airflow/dags/dag.py", line 5, in <module>
    from bronze.load import load_bronze
ModuleNotFoundError: No module named 'bronze'
[2026-06-04T14:40:27.539+0000] {processor.py:927} WARNING - No viable dags retrieved from /opt/airflow/dags/dag.py
[2026-06-04T14:40:27.557+0000] {processor.py:208} INFO - Processing /opt/airflow/dags/dag.py took 0.043 seconds
[2026-06-04T14:40:57.720+0000] {processor.py:186} INFO - Started process (PID=454) to work on /opt/airflow/dags/dag.py
[2026-06-04T14:40:57.721+0000] {processor.py:914} INFO - Processing file /opt/airflow/dags/dag.py for tasks to queue
[2026-06-04T14:40:57.722+0000] {logging_mixin.py:190} INFO - [2026-06-04T14:40:57.722+0000] {dagbag.py:588} INFO - Filling up the DagBag from /opt/airflow/dags/dag.py
[2026-06-04T14:40:57.736+0000] {logging_mixin.py:190} INFO - [2026-06-04T14:40:57.733+0000] {dagbag.py:387} ERROR - Failed to import: /opt/airflow/dags/dag.py
Traceback (most recent call last):
  File "/home/airflow/.local/lib/python3.11/site-packages/airflow/models/dagbag.py", line 383, in parse
    loader.exec_module(new_module)
  File "<frozen importlib._bootstrap_external>", line 940, in exec_module
  File "<frozen importlib._bootstrap>", line 241, in _call_with_frames_removed
  File "/opt/airflow/dags/dag.py", line 5, in <module>
    from bronze.load import load_bronze
ModuleNotFoundError: No module named 'bronze'
[2026-06-04T14:40:57.737+0000] {processor.py:927} WARNING - No viable dags retrieved from /opt/airflow/dags/dag.py
[2026-06-04T14:40:57.752+0000] {processor.py:208} INFO - Processing /opt/airflow/dags/dag.py took 0.038 seconds
[2026-06-04T14:41:27.974+0000] {processor.py:186} INFO - Started process (PID=459) to work on /opt/airflow/dags/dag.py
[2026-06-04T14:41:27.975+0000] {processor.py:914} INFO - Processing file /opt/airflow/dags/dag.py for tasks to queue
[2026-06-04T14:41:27.977+0000] {logging_mixin.py:190} INFO - [2026-06-04T14:41:27.976+0000] {dagbag.py:588} INFO - Filling up the DagBag from /opt/airflow/dags/dag.py
[2026-06-04T14:41:27.992+0000] {logging_mixin.py:190} INFO - [2026-06-04T14:41:27.988+0000] {dagbag.py:387} ERROR - Failed to import: /opt/airflow/dags/dag.py
Traceback (most recent call last):
  File "/home/airflow/.local/lib/python3.11/site-packages/airflow/models/dagbag.py", line 383, in parse
    loader.exec_module(new_module)
  File "<frozen importlib._bootstrap_external>", line 940, in exec_module
  File "<frozen importlib._bootstrap>", line 241, in _call_with_frames_removed
  File "/opt/airflow/dags/dag.py", line 5, in <module>
    from bronze.load import load_bronze
ModuleNotFoundError: No module named 'bronze'
[2026-06-04T14:41:27.994+0000] {processor.py:927} WARNING - No viable dags retrieved from /opt/airflow/dags/dag.py
[2026-06-04T14:41:28.018+0000] {processor.py:208} INFO - Processing /opt/airflow/dags/dag.py took 0.050 seconds
[2026-06-04T14:41:58.148+0000] {processor.py:186} INFO - Started process (PID=464) to work on /opt/airflow/dags/dag.py
[2026-06-04T14:41:58.149+0000] {processor.py:914} INFO - Processing file /opt/airflow/dags/dag.py for tasks to queue
[2026-06-04T14:41:58.150+0000] {logging_mixin.py:190} INFO - [2026-06-04T14:41:58.150+0000] {dagbag.py:588} INFO - Filling up the DagBag from /opt/airflow/dags/dag.py
[2026-06-04T14:41:58.162+0000] {logging_mixin.py:190} INFO - [2026-06-04T14:41:58.159+0000] {dagbag.py:387} ERROR - Failed to import: /opt/airflow/dags/dag.py
Traceback (most recent call last):
  File "/home/airflow/.local/lib/python3.11/site-packages/airflow/models/dagbag.py", line 383, in parse
    loader.exec_module(new_module)
  File "<frozen importlib._bootstrap_external>", line 940, in exec_module
  File "<frozen importlib._bootstrap>", line 241, in _call_with_frames_removed
  File "/opt/airflow/dags/dag.py", line 5, in <module>
    from bronze.load import load_bronze
ModuleNotFoundError: No module named 'bronze'
[2026-06-04T14:41:58.163+0000] {processor.py:927} WARNING - No viable dags retrieved from /opt/airflow/dags/dag.py
[2026-06-04T14:41:58.180+0000] {processor.py:208} INFO - Processing /opt/airflow/dags/dag.py took 0.038 seconds
[2026-06-04T14:42:28.327+0000] {processor.py:186} INFO - Started process (PID=469) to work on /opt/airflow/dags/dag.py
[2026-06-04T14:42:28.328+0000] {processor.py:914} INFO - Processing file /opt/airflow/dags/dag.py for tasks to queue
[2026-06-04T14:42:28.330+0000] {logging_mixin.py:190} INFO - [2026-06-04T14:42:28.329+0000] {dagbag.py:588} INFO - Filling up the DagBag from /opt/airflow/dags/dag.py
[2026-06-04T14:42:28.343+0000] {logging_mixin.py:190} INFO - [2026-06-04T14:42:28.341+0000] {dagbag.py:387} ERROR - Failed to import: /opt/airflow/dags/dag.py
Traceback (most recent call last):
  File "/home/airflow/.local/lib/python3.11/site-packages/airflow/models/dagbag.py", line 383, in parse
    loader.exec_module(new_module)
  File "<frozen importlib._bootstrap_external>", line 940, in exec_module
  File "<frozen importlib._bootstrap>", line 241, in _call_with_frames_removed
  File "/opt/airflow/dags/dag.py", line 5, in <module>
    from bronze.load import load_bronze
ModuleNotFoundError: No module named 'bronze'
[2026-06-04T14:42:28.345+0000] {processor.py:927} WARNING - No viable dags retrieved from /opt/airflow/dags/dag.py
[2026-06-04T14:42:28.361+0000] {processor.py:208} INFO - Processing /opt/airflow/dags/dag.py took 0.040 seconds
[2026-06-04T14:42:58.531+0000] {processor.py:186} INFO - Started process (PID=474) to work on /opt/airflow/dags/dag.py
[2026-06-04T14:42:58.532+0000] {processor.py:914} INFO - Processing file /opt/airflow/dags/dag.py for tasks to queue
[2026-06-04T14:42:58.533+0000] {logging_mixin.py:190} INFO - [2026-06-04T14:42:58.533+0000] {dagbag.py:588} INFO - Filling up the DagBag from /opt/airflow/dags/dag.py
[2026-06-04T14:42:58.545+0000] {logging_mixin.py:190} INFO - [2026-06-04T14:42:58.542+0000] {dagbag.py:387} ERROR - Failed to import: /opt/airflow/dags/dag.py
Traceback (most recent call last):
  File "/home/airflow/.local/lib/python3.11/site-packages/airflow/models/dagbag.py", line 383, in parse
    loader.exec_module(new_module)
  File "<frozen importlib._bootstrap_external>", line 940, in exec_module
  File "<frozen importlib._bootstrap>", line 241, in _call_with_frames_removed
  File "/opt/airflow/dags/dag.py", line 5, in <module>
    from bronze.load import load_bronze
ModuleNotFoundError: No module named 'bronze'
[2026-06-04T14:42:58.546+0000] {processor.py:927} WARNING - No viable dags retrieved from /opt/airflow/dags/dag.py
[2026-06-04T14:42:58.563+0000] {processor.py:208} INFO - Processing /opt/airflow/dags/dag.py took 0.038 seconds
[2026-06-04T14:43:28.811+0000] {processor.py:186} INFO - Started process (PID=479) to work on /opt/airflow/dags/dag.py
[2026-06-04T14:43:28.812+0000] {processor.py:914} INFO - Processing file /opt/airflow/dags/dag.py for tasks to queue
[2026-06-04T14:43:28.813+0000] {logging_mixin.py:190} INFO - [2026-06-04T14:43:28.813+0000] {dagbag.py:588} INFO - Filling up the DagBag from /opt/airflow/dags/dag.py
[2026-06-04T14:43:28.829+0000] {logging_mixin.py:190} INFO - [2026-06-04T14:43:28.826+0000] {dagbag.py:387} ERROR - Failed to import: /opt/airflow/dags/dag.py
Traceback (most recent call last):
  File "/home/airflow/.local/lib/python3.11/site-packages/airflow/models/dagbag.py", line 383, in parse
    loader.exec_module(new_module)
  File "<frozen importlib._bootstrap_external>", line 940, in exec_module
  File "<frozen importlib._bootstrap>", line 241, in _call_with_frames_removed
  File "/opt/airflow/dags/dag.py", line 5, in <module>
    from bronze.load import load_bronze
ModuleNotFoundError: No module named 'bronze'
[2026-06-04T14:43:28.830+0000] {processor.py:927} WARNING - No viable dags retrieved from /opt/airflow/dags/dag.py
[2026-06-04T14:43:28.848+0000] {processor.py:208} INFO - Processing /opt/airflow/dags/dag.py took 0.042 seconds
[2026-06-04T14:43:59.014+0000] {processor.py:186} INFO - Started process (PID=484) to work on /opt/airflow/dags/dag.py
[2026-06-04T14:43:59.015+0000] {processor.py:914} INFO - Processing file /opt/airflow/dags/dag.py for tasks to queue
[2026-06-04T14:43:59.016+0000] {logging_mixin.py:190} INFO - [2026-06-04T14:43:59.016+0000] {dagbag.py:588} INFO - Filling up the DagBag from /opt/airflow/dags/dag.py
[2026-06-04T14:43:59.034+0000] {logging_mixin.py:190} INFO - [2026-06-04T14:43:59.031+0000] {dagbag.py:387} ERROR - Failed to import: /opt/airflow/dags/dag.py
Traceback (most recent call last):
  File "/home/airflow/.local/lib/python3.11/site-packages/airflow/models/dagbag.py", line 383, in parse
    loader.exec_module(new_module)
  File "<frozen importlib._bootstrap_external>", line 940, in exec_module
  File "<frozen importlib._bootstrap>", line 241, in _call_with_frames_removed
  File "/opt/airflow/dags/dag.py", line 5, in <module>
    from bronze.load import load_bronze
ModuleNotFoundError: No module named 'bronze'
[2026-06-04T14:43:59.035+0000] {processor.py:927} WARNING - No viable dags retrieved from /opt/airflow/dags/dag.py
[2026-06-04T14:43:59.052+0000] {processor.py:208} INFO - Processing /opt/airflow/dags/dag.py took 0.044 seconds
[2026-06-04T14:44:29.209+0000] {processor.py:186} INFO - Started process (PID=489) to work on /opt/airflow/dags/dag.py
[2026-06-04T14:44:29.210+0000] {processor.py:914} INFO - Processing file /opt/airflow/dags/dag.py for tasks to queue
[2026-06-04T14:44:29.212+0000] {logging_mixin.py:190} INFO - [2026-06-04T14:44:29.212+0000] {dagbag.py:588} INFO - Filling up the DagBag from /opt/airflow/dags/dag.py
[2026-06-04T14:44:29.232+0000] {logging_mixin.py:190} INFO - [2026-06-04T14:44:29.229+0000] {dagbag.py:387} ERROR - Failed to import: /opt/airflow/dags/dag.py
Traceback (most recent call last):
  File "/home/airflow/.local/lib/python3.11/site-packages/airflow/models/dagbag.py", line 383, in parse
    loader.exec_module(new_module)
  File "<frozen importlib._bootstrap_external>", line 940, in exec_module
  File "<frozen importlib._bootstrap>", line 241, in _call_with_frames_removed
  File "/opt/airflow/dags/dag.py", line 5, in <module>
    from bronze.load import load_bronze
ModuleNotFoundError: No module named 'bronze'
[2026-06-04T14:44:29.233+0000] {processor.py:927} WARNING - No viable dags retrieved from /opt/airflow/dags/dag.py
[2026-06-04T14:44:29.249+0000] {processor.py:208} INFO - Processing /opt/airflow/dags/dag.py took 0.046 seconds
[2026-06-04T14:44:59.430+0000] {processor.py:186} INFO - Started process (PID=494) to work on /opt/airflow/dags/dag.py
[2026-06-04T14:44:59.431+0000] {processor.py:914} INFO - Processing file /opt/airflow/dags/dag.py for tasks to queue
[2026-06-04T14:44:59.432+0000] {logging_mixin.py:190} INFO - [2026-06-04T14:44:59.432+0000] {dagbag.py:588} INFO - Filling up the DagBag from /opt/airflow/dags/dag.py
[2026-06-04T14:44:59.445+0000] {logging_mixin.py:190} INFO - [2026-06-04T14:44:59.443+0000] {dagbag.py:387} ERROR - Failed to import: /opt/airflow/dags/dag.py
Traceback (most recent call last):
  File "/home/airflow/.local/lib/python3.11/site-packages/airflow/models/dagbag.py", line 383, in parse
    loader.exec_module(new_module)
  File "<frozen importlib._bootstrap_external>", line 940, in exec_module
  File "<frozen importlib._bootstrap>", line 241, in _call_with_frames_removed
  File "/opt/airflow/dags/dag.py", line 5, in <module>
    from bronze.load import load_bronze
ModuleNotFoundError: No module named 'bronze'
[2026-06-04T14:44:59.446+0000] {processor.py:927} WARNING - No viable dags retrieved from /opt/airflow/dags/dag.py
[2026-06-04T14:44:59.462+0000] {processor.py:208} INFO - Processing /opt/airflow/dags/dag.py took 0.037 seconds
[2026-06-04T14:45:29.621+0000] {processor.py:186} INFO - Started process (PID=499) to work on /opt/airflow/dags/dag.py
[2026-06-04T14:45:29.622+0000] {processor.py:914} INFO - Processing file /opt/airflow/dags/dag.py for tasks to queue
[2026-06-04T14:45:29.623+0000] {logging_mixin.py:190} INFO - [2026-06-04T14:45:29.623+0000] {dagbag.py:588} INFO - Filling up the DagBag from /opt/airflow/dags/dag.py
[2026-06-04T14:45:29.636+0000] {logging_mixin.py:190} INFO - [2026-06-04T14:45:29.634+0000] {dagbag.py:387} ERROR - Failed to import: /opt/airflow/dags/dag.py
Traceback (most recent call last):
  File "/home/airflow/.local/lib/python3.11/site-packages/airflow/models/dagbag.py", line 383, in parse
    loader.exec_module(new_module)
  File "<frozen importlib._bootstrap_external>", line 940, in exec_module
  File "<frozen importlib._bootstrap>", line 241, in _call_with_frames_removed
  File "/opt/airflow/dags/dag.py", line 5, in <module>
    from bronze.load import load_bronze
ModuleNotFoundError: No module named 'bronze'
[2026-06-04T14:45:29.637+0000] {processor.py:927} WARNING - No viable dags retrieved from /opt/airflow/dags/dag.py
[2026-06-04T14:45:29.653+0000] {processor.py:208} INFO - Processing /opt/airflow/dags/dag.py took 0.038 seconds
[2026-06-04T14:45:59.873+0000] {processor.py:186} INFO - Started process (PID=504) to work on /opt/airflow/dags/dag.py
[2026-06-04T14:45:59.874+0000] {processor.py:914} INFO - Processing file /opt/airflow/dags/dag.py for tasks to queue
[2026-06-04T14:45:59.875+0000] {logging_mixin.py:190} INFO - [2026-06-04T14:45:59.875+0000] {dagbag.py:588} INFO - Filling up the DagBag from /opt/airflow/dags/dag.py
[2026-06-04T14:45:59.892+0000] {logging_mixin.py:190} INFO - [2026-06-04T14:45:59.889+0000] {dagbag.py:387} ERROR - Failed to import: /opt/airflow/dags/dag.py
Traceback (most recent call last):
  File "/home/airflow/.local/lib/python3.11/site-packages/airflow/models/dagbag.py", line 383, in parse
    loader.exec_module(new_module)
  File "<frozen importlib._bootstrap_external>", line 940, in exec_module
  File "<frozen importlib._bootstrap>", line 241, in _call_with_frames_removed
  File "/opt/airflow/dags/dag.py", line 5, in <module>
    from bronze.load import load_bronze
ModuleNotFoundError: No module named 'bronze'
[2026-06-04T14:45:59.893+0000] {processor.py:927} WARNING - No viable dags retrieved from /opt/airflow/dags/dag.py
[2026-06-04T14:45:59.911+0000] {processor.py:208} INFO - Processing /opt/airflow/dags/dag.py took 0.043 seconds
